Log file open, 02/01/20 21:41:08
LogWindows: Failed to load 'aqProf.dll' (GetLastError=126)
LogWindows: File 'aqProf.dll' does not exist
LogWindows: Failed to load 'VtuneApi.dll' (GetLastError=126)
LogWindows: File 'VtuneApi.dll' does not exist
LogWindows: Failed to load 'VtuneApi32e.dll' (GetLastError=126)
LogWindows: File 'VtuneApi32e.dll' does not exist
LogConsoleResponse: Display: Failed to find resolution value strings in scalability ini. Falling back to default.
LogInit: Display: Running engine for game: ActionRPGV2
LogPlatformFile: Not using cached read wrapper
LogTaskGraph: Started task graph with 5 named threads and 47 total threads with 3 sets of task threads.
LogStats: Stats thread started at 0.084239
LogD3D11RHI: Loaded GFSDK_Aftermath_Lib.x64.dll
LogICUInternationalization: ICU TimeZone Detection - Raw Offset: -8:00, Platform Override: ''
LogPluginManager: Mounting plugin Paper2D
LogPluginManager: Mounting plugin AISupport
LogPluginManager: Mounting plugin LightPropagationVolume
LogPluginManager: Mounting plugin ActorLayerUtilities
LogPluginManager: Mounting plugin AnimationSharing
LogPluginManager: Mounting plugin CLionSourceCodeAccess
LogPluginManager: Mounting plugin CodeLiteSourceCodeAccess
LogPluginManager: Mounting plugin GitSourceControl
LogPluginManager: Mounting plugin KDevelopSourceCodeAccess
LogPluginManager: Mounting plugin NullSourceCodeAccess
LogPluginManager: Mounting plugin PerforceSourceControl
LogPluginManager: Mounting plugin PlasticSourceControl
LogPluginManager: Mounting plugin SubversionSourceControl
LogPluginManager: Mounting plugin UObjectPlugin
LogPluginManager: Mounting plugin VisualStudioCodeSourceCodeAccess
LogPluginManager: Mounting plugin VisualStudioSourceCodeAccess
LogPluginManager: Mounting plugin XCodeSourceCodeAccess
LogPluginManager: Mounting plugin AssetManagerEditor
LogPluginManager: Mounting plugin CryptoKeys
LogPluginManager: Mounting plugin CurveEditorTools
LogPluginManager: Mounting plugin DataValidation
LogPluginManager: Mounting plugin FacialAnimation
LogPluginManager: Mounting plugin GameplayTagsEditor
LogPluginManager: Mounting plugin MacGraphicsSwitching
LogPluginManager: Mounting plugin MaterialAnalyzer
LogPluginManager: Mounting plugin MobileLauncherProfileWizard
LogPluginManager: Mounting plugin PluginBrowser
LogPluginManager: Mounting plugin SpeedTreeImporter
LogPluginManager: Mounting plugin DatasmithContent
LogPluginManager: Mounting plugin VariantManagerContent
LogPluginManager: Mounting plugin AlembicImporter
LogPluginManager: Mounting plugin AutomationUtils
LogPluginManager: Mounting plugin BackChannel
LogPluginManager: Mounting plugin CharacterAI
LogPluginManager: Mounting plugin GeometryCache
LogPluginManager: Mounting plugin PlatformCrypto
LogPluginManager: Mounting plugin ProxyLODPlugin
LogPluginManager: Mounting plugin SkeletalReduction
LogPluginManager: Mounting plugin MagicLeap
LogPluginManager: Mounting plugin MagicLeapMedia
LogPluginManager: Mounting plugin MLSDK
LogPluginManager: Mounting plugin AnimatedTexture
LogPluginManager: Mounting plugin AttributesExtension
LogPluginManager: Mounting plugin FirstPersonCharacter
LogPluginManager: Mounting plugin Iliad
LogPluginManager: Mounting plugin SmoothSyncPlugin
LogPluginManager: Mounting plugin AndroidMedia
LogPluginManager: Mounting plugin AvfMedia
LogPluginManager: Mounting plugin ImgMedia
LogPluginManager: Mounting plugin MediaCompositing
LogPluginManager: Mounting plugin MediaPlayerEditor
LogPluginManager: Mounting plugin WebMMedia
LogPluginManager: Mounting plugin WmfMedia
LogPluginManager: Mounting plugin TcpMessaging
LogPluginManager: Mounting plugin UdpMessaging
LogPluginManager: Mounting plugin ActorSequence
LogPluginManager: Mounting plugin LevelSequenceEditor
LogPluginManager: Mounting plugin MatineeToLevelSequence
LogPluginManager: Mounting plugin NetcodeUnitTest
LogPluginManager: Mounting plugin NUTUnrealEngine4
LogPluginManager: Mounting plugin OnlineSubsystemGooglePlay
LogPluginManager: Mounting plugin OnlineSubsystemIOS
LogPluginManager: Mounting plugin OnlineSubsystem
LogPluginManager: Mounting plugin OnlineSubsystemNull
LogPluginManager: Mounting plugin OnlineSubsystemUtils
LogPluginManager: Mounting plugin LauncherChunkInstaller
LogPluginManager: Mounting plugin AndroidDeviceProfileSelector
LogPluginManager: Mounting plugin AndroidMoviePlayer
LogPluginManager: Mounting plugin AndroidPermission
LogPluginManager: Mounting plugin AppleImageUtils
LogPluginManager: Mounting plugin AppleMoviePlayer
LogPluginManager: Mounting plugin ArchVisCharacter
LogPluginManager: Mounting plugin AssetTags
LogPluginManager: Mounting plugin AudioCapture
LogPluginManager: Mounting plugin CableComponent
LogPluginManager: Mounting plugin CustomMeshComponent
LogPluginManager: Mounting plugin EditableMesh
LogPluginManager: Mounting plugin ExampleDeviceProfileSelector
LogPluginManager: Mounting plugin GoogleCloudMessaging
LogPluginManager: Mounting plugin IOSDeviceProfileSelector
LogPluginManager: Mounting plugin LinuxDeviceProfileSelector
LogPluginManager: Mounting plugin LocationServicesBPLibrary
LogPluginManager: Mounting plugin MobilePatchingUtils
LogPluginManager: Mounting plugin OculusVR
LogPluginManager: Mounting plugin PhysXVehicles
LogPluginManager: Mounting plugin PostSplashScreen
LogPluginManager: Mounting plugin ProceduralMeshComponent
LogPluginManager: Mounting plugin RuntimePhysXCooking
LogPluginManager: Mounting plugin SignificanceManager
LogPluginManager: Mounting plugin SteamVR
LogPluginManager: Mounting plugin WebMMoviePlayer
LogPluginManager: Mounting plugin WindowsMoviePlayer
LogPluginManager: Mounting plugin ScreenshotTools
LogInit: Using libcurl 7.55.1-DEV
LogInit:  - built for x86_64-pc-win32
LogInit:  - supports SSL with OpenSSL/1.1.1
LogInit:  - supports HTTP deflate (compression) using libz 1.2.8
LogInit:  - other features:
LogInit:      CURL_VERSION_SSL
LogInit:      CURL_VERSION_LIBZ
LogInit:      CURL_VERSION_IPV6
LogInit:      CURL_VERSION_ASYNCHDNS
LogInit:      CURL_VERSION_LARGEFILE
LogInit:      CURL_VERSION_IDN
LogInit:  CurlRequestOptions (configurable via config and command line):
LogInit:  - bVerifyPeer = true  - Libcurl will verify peer certificate
LogInit:  - bUseHttpProxy = false  - Libcurl will NOT use HTTP proxy
LogInit:  - bDontReuseConnections = false  - Libcurl will reuse connections
LogInit:  - MaxHostConnections = 16  - Libcurl will limit the number of connections to a host
LogInit:  - LocalHostAddr = Default
LogInit:  - BufferSize = 65536
LogOnline: OSS: Creating online subsystem instance for: NULL
LogInit: WinSock: version 1.1 (2.2), MaxSocks=32767, MaxUdp=65467
LogOnline: OSS: TryLoadSubsystemAndSetDefault: Loaded subsystem for module [NULL]
LogInit: Build: ++UE4+Release-4.24-CL-11100242
LogInit: Engine Version: 4.24.2-11100242+++UE4+Release-4.24
LogInit: Compatible Engine Version: 4.24.0-10570792+++UE4+Release-4.24
LogInit: Net CL: 10570792
LogInit: OS: Windows 10 (Release 1909) (), CPU: AMD Ryzen 7 3700X 8-Core Processor             , GPU: NVIDIA GeForce GTX 1080 Ti
LogInit: Compiled (64-bit): Jan 24 2020 02:05:53
LogInit: Compiled with Visual C++: 19.16.27032.01
LogInit: Build Configuration: Development
LogInit: Branch Name: ++UE4+Release-4.24
LogInit: Command Line: 
LogInit: Base Directory: E:/Games/Epic Games/UE_4.24/Engine/Binaries/Win64/
LogInit: Installed Engine Build: 1
LogDevObjectVersion: Number of dev versions registered: 25
LogDevObjectVersion:   Dev-Blueprints (B0D832E4-1F89-4F0D-ACCF-7EB736FD4AA2): 10
LogDevObjectVersion:   Dev-Build (E1C64328-A22C-4D53-A36C-8E866417BD8C): 0
LogDevObjectVersion:   Dev-Core (375EC13C-06E4-48FB-B500-84F0262A717E): 3
LogDevObjectVersion:   Dev-Editor (E4B068ED-F494-42E9-A231-DA0B2E46BB41): 37
LogDevObjectVersion:   Dev-Framework (CFFC743F-43B0-4480-9391-14DF171D2073): 36
LogDevObjectVersion:   Dev-Mobile (B02B49B5-BB20-44E9-A304-32B752E40360): 2
LogDevObjectVersion:   Dev-Networking (A4E4105C-59A1-49B5-A7C5-40C4547EDFEE): 0
LogDevObjectVersion:   Dev-Online (39C831C9-5AE6-47DC-9A44-9C173E1C8E7C): 0
LogDevObjectVersion:   Dev-Physics (78F01B33-EBEA-4F98-B9B4-84EACCB95AA2): 2
LogDevObjectVersion:   Dev-Platform (6631380F-2D4D-43E0-8009-CF276956A95A): 0
LogDevObjectVersion:   Dev-Rendering (12F88B9F-8875-4AFC-A67C-D90C383ABD29): 36
LogDevObjectVersion:   Dev-Sequencer (7B5AE74C-D270-4C10-A958-57980B212A5A): 11
LogDevObjectVersion:   Dev-VR (D7296918-1DD6-4BDD-9DE2-64A83CC13884): 2
LogDevObjectVersion:   Dev-LoadTimes (C2A15278-BFE7-4AFE-6C17-90FF531DF755): 1
LogDevObjectVersion:   Private-Geometry (6EACA3D4-40EC-4CC1-B786-8BED09428FC5): 3
LogDevObjectVersion:   Dev-AnimPhys (29E575DD-E0A3-4627-9D10-D276232CDCEA): 17
LogDevObjectVersion:   Dev-Anim (AF43A65D-7FD3-4947-9873-3E8ED9C1BB05): 2
LogDevObjectVersion:   Dev-ReflectionCapture (6B266CEC-1EC7-4B8F-A30B-E4D90942FC07): 1
LogDevObjectVersion:   Dev-Automation (0DF73D61-A23F-47EA-B727-89E90C41499A): 1
LogDevObjectVersion:   FortniteMain (601D1886-AC64-4F84-AA16-D3DE0DEAC7D6): 31
LogDevObjectVersion:   Dev-Enterprise (9DFFBCD6-494F-0158-E221-12823C92A888): 8
LogDevObjectVersion:   Dev-Niagara (F2AED0AC-9AFE-416F-8664-AA7FFA26D6FC): 1
LogDevObjectVersion:   Dev-Destruction (174F1F0B-B4C6-45A5-B13F-2EE8D0FB917D): 9
LogDevObjectVersion:   Dev-Physics-Ext (35F94A83-E258-406C-A318-09F59610247C): 8
LogDevObjectVersion:   Dev-CineCamera (B2E18506-4273-CFC2-A54E-F4BB758BBA07): 1
LogInit: Presizing for max 25165824 objects, including 0 objects not considered by GC, pre-allocating 0 bytes for permanent pool.
LogInit: Object subsystem initialized
LogConfig: Setting CVar [[con.DebugEarlyDefault:1]]
LogConfig: Setting CVar [[r.setres:1280x720]]
[2020.02.02-05.41.08:386][  0]LogConfig: Setting CVar [[r.VSync:0]]
[2020.02.02-05.41.08:386][  0]LogConfig: Setting CVar [[r.RHICmdBypass:0]]
[2020.02.02-05.41.08:386][  0]LogConfig: Applying CVar settings from Section [/Script/Engine.RendererSettings] File [E:/Games/Epic Games/Unreal Projects/ProjectRPGV2/ActionRPGV2/Saved/Config/Windows/Engine.ini]
[2020.02.02-05.41.08:386][  0]LogConfig: Setting CVar [[r.GPUCrashDebugging:0]]
[2020.02.02-05.41.08:386][  0]LogConfig: Setting CVar [[r.MobileHDR:1]]
[2020.02.02-05.41.08:386][  0]LogConfig: Setting CVar [[r.MobileNumDynamicPointLights:4]]
[2020.02.02-05.41.08:386][  0]LogConfig: Setting CVar [[r.MobileDynamicPointLightsUseStaticBranch:1]]
[2020.02.02-05.41.08:386][  0]LogConfig: Setting CVar [[r.AllowOcclusionQueries:1]]
[2020.02.02-05.41.08:386][  0]LogConfig: Setting CVar [[r.MinScreenRadiusForLights:0.030000]]
[2020.02.02-05.41.08:386][  0]LogConfig: Setting CVar [[r.MinScreenRadiusForDepthPrepass:0.030000]]
[2020.02.02-05.41.08:386][  0]LogConfig: Setting CVar [[r.PrecomputedVisibilityWarning:0]]
[2020.02.02-05.41.08:386][  0]LogConfig: Setting CVar [[r.TextureStreaming:1]]
[2020.02.02-05.41.08:386][  0]LogConfig: Setting CVar [[Compat.UseDXT5NormalMaps:0]]
[2020.02.02-05.41.08:386][  0]LogConfig: Setting CVar [[r.AllowStaticLighting:1]]
[2020.02.02-05.41.08:386][  0]LogConfig: Setting CVar [[r.NormalMapsForStaticLighting:0]]
[2020.02.02-05.41.08:386][  0]LogConfig: Setting CVar [[r.GenerateMeshDistanceFields:0]]
[2020.02.02-05.41.08:386][  0]LogConfig: Setting CVar [[r.GenerateLandscapeGIData:1]]
[2020.02.02-05.41.08:386][  0]LogConfig: Setting CVar [[r.TessellationAdaptivePixelsPerTriangle:48.000000]]
[2020.02.02-05.41.08:386][  0]LogConfig: Setting CVar [[r.SeparateTranslucency:1]]
[2020.02.02-05.41.08:386][  0]LogConfig: Setting CVar [[r.TranslucentSortPolicy:0]]
[2020.02.02-05.41.08:386][  0]LogConfig: Setting CVar [[r.CustomDepth:3]]
[2020.02.02-05.41.08:386][  0]LogConfig: Setting CVar [[r.DefaultFeature.Bloom:1]]
[2020.02.02-05.41.08:386][  0]LogConfig: Setting CVar [[r.DefaultFeature.AmbientOcclusion:1]]
[2020.02.02-05.41.08:386][  0]LogConfig: Setting CVar [[r.DefaultFeature.AmbientOcclusionStaticFraction:1]]
[2020.02.02-05.41.08:386][  0]LogConfig: Setting CVar [[r.DefaultFeature.AutoExposure:1]]
[2020.02.02-05.41.08:386][  0]LogConfig: Setting CVar [[r.DefaultFeature.MotionBlur:1]]
[2020.02.02-05.41.08:386][  0]LogConfig: Setting CVar [[r.DefaultFeature.LensFlare:1]]
[2020.02.02-05.41.08:386][  0]LogConfig: Setting CVar [[r.DefaultFeature.AntiAliasing:2]]
[2020.02.02-05.41.08:386][  0]LogConfig: Setting CVar [[r.EarlyZPass:3]]
[2020.02.02-05.41.08:386][  0]LogConfig: Setting CVar [[r.DBuffer:0]]
[2020.02.02-05.41.08:386][  0]LogConfig: Setting CVar [[r.ClearSceneMethod:1]]
[2020.02.02-05.41.08:386][  0]LogConfig: Setting CVar [[r.BasePassOutputsVelocity:0]]
[2020.02.02-05.41.08:386][  0]LogConfig: Setting CVar [[r.WireframeCullThreshold:5.000000]]
[2020.02.02-05.41.08:386][  0]LogConfig: Applying CVar settings from Section [/Script/Engine.RendererOverrideSettings] File [E:/Games/Epic Games/Unreal Projects/ProjectRPGV2/ActionRPGV2/Saved/Config/Windows/Engine.ini]
[2020.02.02-05.41.08:386][  0]LogConfig: Applying CVar settings from Section [/Script/Engine.StreamingSettings] File [E:/Games/Epic Games/Unreal Projects/ProjectRPGV2/ActionRPGV2/Saved/Config/Windows/Engine.ini]
[2020.02.02-05.41.08:386][  0]LogConfig: Setting CVar [[s.MinBulkDataSizeForAsyncLoading:131072]]
[2020.02.02-05.41.08:386][  0]LogConfig: Setting CVar [[s.AsyncLoadingThreadEnabled:0]]
[2020.02.02-05.41.08:386][  0]LogConfig: Setting CVar [[s.EventDrivenLoaderEnabled:1]]
[2020.02.02-05.41.08:386][  0]LogConfig: Setting CVar [[s.WarnIfTimeLimitExceeded:0]]
[2020.02.02-05.41.08:386][  0]LogConfig: Setting CVar [[s.TimeLimitExceededMultiplier:1.5]]
[2020.02.02-05.41.08:386][  0]LogConfig: Setting CVar [[s.TimeLimitExceededMinTime:0.005]]
[2020.02.02-05.41.08:386][  0]LogConfig: Setting CVar [[s.UseBackgroundLevelStreaming:1]]
[2020.02.02-05.41.08:386][  0]LogConfig: Setting CVar [[s.PriorityAsyncLoadingExtraTime:15.0]]
[2020.02.02-05.41.08:386][  0]LogConfig: Setting CVar [[s.LevelStreamingActorsUpdateTimeLimit:5.0]]
[2020.02.02-05.41.08:386][  0]LogConfig: Setting CVar [[s.PriorityLevelStreamingActorsUpdateExtraTime:5.0]]
[2020.02.02-05.41.08:386][  0]LogConfig: Setting CVar [[s.LevelStreamingComponentsRegistrationGranularity:10]]
[2020.02.02-05.41.08:386][  0]LogConfig: Setting CVar [[s.UnregisterComponentsTimeLimit:1.0]]
[2020.02.02-05.41.08:386][  0]LogConfig: Setting CVar [[s.LevelStreamingComponentsUnregistrationGranularity:5]]
[2020.02.02-05.41.08:386][  0]LogConfig: Setting CVar [[s.FlushStreamingOnExit:1]]
[2020.02.02-05.41.08:386][  0]LogConfig: Applying CVar settings from Section [/Script/Engine.GarbageCollectionSettings] File [E:/Games/Epic Games/Unreal Projects/ProjectRPGV2/ActionRPGV2/Saved/Config/Windows/Engine.ini]
[2020.02.02-05.41.08:386][  0]LogConfig: Setting CVar [[gc.MaxObjectsNotConsideredByGC:1]]
[2020.02.02-05.41.08:387][  0]LogConfig: Setting CVar [[gc.SizeOfPermanentObjectPool:0]]
[2020.02.02-05.41.08:387][  0]LogConfig: Setting CVar [[gc.FlushStreamingOnGC:0]]
[2020.02.02-05.41.08:387][  0]LogConfig: Setting CVar [[gc.NumRetriesBeforeForcingGC:10]]
[2020.02.02-05.41.08:387][  0]LogConfig: Setting CVar [[gc.AllowParallelGC:1]]
[2020.02.02-05.41.08:387][  0]LogConfig: Setting CVar [[gc.TimeBetweenPurgingPendingKillObjects:61.1]]
[2020.02.02-05.41.08:387][  0]LogConfig: Setting CVar [[gc.MaxObjectsInEditor:25165824]]
[2020.02.02-05.41.08:387][  0]LogConfig: Setting CVar [[gc.IncrementalBeginDestroyEnabled:1]]
[2020.02.02-05.41.08:387][  0]LogConfig: Setting CVar [[gc.CreateGCClusters:1]]
[2020.02.02-05.41.08:387][  0]LogConfig: Setting CVar [[gc.MinGCClusterSize:5]]
[2020.02.02-05.41.08:387][  0]LogConfig: Setting CVar [[gc.ActorClusteringEnabled:0]]
[2020.02.02-05.41.08:387][  0]LogConfig: Setting CVar [[gc.BlueprintClusteringEnabled:0]]
[2020.02.02-05.41.08:387][  0]LogConfig: Setting CVar [[gc.UseDisregardForGCOnDedicatedServers:0]]
[2020.02.02-05.41.08:387][  0]LogConfig: Applying CVar settings from Section [/Script/Engine.NetworkSettings] File [E:/Games/Epic Games/Unreal Projects/ProjectRPGV2/ActionRPGV2/Saved/Config/Windows/Engine.ini]
[2020.02.02-05.41.08:387][  0]LogConfig: Applying CVar settings from Section [/Script/UnrealEd.CookerSettings] File [E:/Games/Epic Games/Unreal Projects/ProjectRPGV2/ActionRPGV2/Saved/Config/Windows/Engine.ini]
[2020.02.02-05.41.08:389][  0]LogConfig: Applying CVar settings from Section [ViewDistanceQuality@3] File [E:/Games/Epic Games/Unreal Projects/ProjectRPGV2/ActionRPGV2/Saved/Config/Windows/Scalability.ini]
[2020.02.02-05.41.08:389][  0]LogConfig: Setting CVar [[r.SkeletalMeshLODBias:0]]
[2020.02.02-05.41.08:389][  0]LogConfig: Setting CVar [[r.ViewDistanceScale:1.0]]
[2020.02.02-05.41.08:389][  0]LogConfig: Applying CVar settings from Section [AntiAliasingQuality@3] File [E:/Games/Epic Games/Unreal Projects/ProjectRPGV2/ActionRPGV2/Saved/Config/Windows/Scalability.ini]
[2020.02.02-05.41.08:389][  0]LogConfig: Setting CVar [[r.PostProcessAAQuality:4]]
[2020.02.02-05.41.08:389][  0]LogConfig: Applying CVar settings from Section [ShadowQuality@3] File [E:/Games/Epic Games/Unreal Projects/ProjectRPGV2/ActionRPGV2/Saved/Config/Windows/Scalability.ini]
[2020.02.02-05.41.08:389][  0]LogConfig: Setting CVar [[r.LightFunctionQuality:1]]
[2020.02.02-05.41.08:389][  0]LogConfig: Setting CVar [[r.ShadowQuality:5]]
[2020.02.02-05.41.08:389][  0]LogConfig: Setting CVar [[r.Shadow.CSM.MaxCascades:10]]
[2020.02.02-05.41.08:389][  0]LogConfig: Setting CVar [[r.Shadow.MaxResolution:2048]]
[2020.02.02-05.41.08:389][  0]LogConfig: Setting CVar [[r.Shadow.MaxCSMResolution:2048]]
[2020.02.02-05.41.08:389][  0]LogConfig: Setting CVar [[r.Shadow.RadiusThreshold:0.01]]
[2020.02.02-05.41.08:389][  0]LogConfig: Setting CVar [[r.Shadow.DistanceScale:1.0]]
[2020.02.02-05.41.08:389][  0]LogConfig: Setting CVar [[r.Shadow.CSM.TransitionScale:1.0]]
[2020.02.02-05.41.08:389][  0]LogConfig: Setting CVar [[r.Shadow.PreShadowResolutionFactor:1.0]]
[2020.02.02-05.41.08:389][  0]LogConfig: Setting CVar [[r.DistanceFieldShadowing:1]]
[2020.02.02-05.41.08:389][  0]LogConfig: Setting CVar [[r.DistanceFieldAO:1]]
[2020.02.02-05.41.08:389][  0]LogConfig: Setting CVar [[r.AOQuality:2]]
[2020.02.02-05.41.08:389][  0]LogConfig: Setting CVar [[r.VolumetricFog:1]]
[2020.02.02-05.41.08:389][  0]LogConfig: Setting CVar [[r.VolumetricFog.GridPixelSize:8]]
[2020.02.02-05.41.08:389][  0]LogConfig: Setting CVar [[r.VolumetricFog.GridSizeZ:128]]
[2020.02.02-05.41.08:389][  0]LogConfig: Setting CVar [[r.VolumetricFog.HistoryMissSupersampleCount:4]]
[2020.02.02-05.41.08:389][  0]LogConfig: Setting CVar [[r.LightMaxDrawDistanceScale:1]]
[2020.02.02-05.41.08:389][  0]LogConfig: Setting CVar [[r.CapsuleShadows:1]]
[2020.02.02-05.41.08:389][  0]LogConfig: Applying CVar settings from Section [PostProcessQuality@3] File [E:/Games/Epic Games/Unreal Projects/ProjectRPGV2/ActionRPGV2/Saved/Config/Windows/Scalability.ini]
[2020.02.02-05.41.08:389][  0]LogConfig: Setting CVar [[r.MotionBlurQuality:4]]
[2020.02.02-05.41.08:389][  0]LogConfig: Setting CVar [[r.AmbientOcclusionMipLevelFactor:0.4]]
[2020.02.02-05.41.08:389][  0]LogConfig: Setting CVar [[r.AmbientOcclusionMaxQuality:100]]
[2020.02.02-05.41.08:389][  0]LogConfig: Setting CVar [[r.AmbientOcclusionLevels:-1]]
[2020.02.02-05.41.08:389][  0]LogConfig: Setting CVar [[r.AmbientOcclusionRadiusScale:1.0]]
[2020.02.02-05.41.08:389][  0]LogConfig: Setting CVar [[r.DepthOfFieldQuality:2]]
[2020.02.02-05.41.08:389][  0]LogConfig: Setting CVar [[r.RenderTargetPoolMin:400]]
[2020.02.02-05.41.08:389][  0]LogConfig: Setting CVar [[r.LensFlareQuality:2]]
[2020.02.02-05.41.08:389][  0]LogConfig: Setting CVar [[r.SceneColorFringeQuality:1]]
[2020.02.02-05.41.08:389][  0]LogConfig: Setting CVar [[r.EyeAdaptationQuality:2]]
[2020.02.02-05.41.08:389][  0]LogConfig: Setting CVar [[r.BloomQuality:5]]
[2020.02.02-05.41.08:389][  0]LogConfig: Setting CVar [[r.FastBlurThreshold:100]]
[2020.02.02-05.41.08:389][  0]LogConfig: Setting CVar [[r.Upscale.Quality:3]]
[2020.02.02-05.41.08:389][  0]LogConfig: Setting CVar [[r.Tonemapper.GrainQuantization:1]]
[2020.02.02-05.41.08:389][  0]LogConfig: Setting CVar [[r.LightShaftQuality:1]]
[2020.02.02-05.41.08:389][  0]LogConfig: Setting CVar [[r.Filter.SizeScale:1]]
[2020.02.02-05.41.08:389][  0]LogConfig: Setting CVar [[r.Tonemapper.Quality:5]]
[2020.02.02-05.41.08:389][  0]LogConfig: Setting CVar [[r.DOF.Gather.AccumulatorQuality:1        ; higher gathering accumulator quality]]
[2020.02.02-05.41.08:389][  0]LogConfig: Setting CVar [[r.DOF.Gather.PostfilterMethod:1          ; Median3x3 postfilering method]]
[2020.02.02-05.41.08:389][  0]LogConfig: Setting CVar [[r.DOF.Gather.EnableBokehSettings:0       ; no bokeh simulation when gathering]]
[2020.02.02-05.41.08:389][  0]LogConfig: Setting CVar [[r.DOF.Gather.RingCount:4                 ; medium number of samples when gathering]]
[2020.02.02-05.41.08:389][  0]LogConfig: Setting CVar [[r.DOF.Scatter.ForegroundCompositing:1    ; additive foreground scattering]]
[2020.02.02-05.41.08:389][  0]LogConfig: Setting CVar [[r.DOF.Scatter.BackgroundCompositing:2    ; additive background scattering]]
[2020.02.02-05.41.08:389][  0]LogConfig: Setting CVar [[r.DOF.Scatter.EnableBokehSettings:1      ; bokeh simulation when scattering]]
[2020.02.02-05.41.08:389][  0]LogConfig: Setting CVar [[r.DOF.Scatter.MaxSpriteRatio:0.1         ; only a maximum of 10% of scattered bokeh]]
[2020.02.02-05.41.08:389][  0]LogConfig: Setting CVar [[r.DOF.Recombine.Quality:1                ; cheap slight out of focus]]
[2020.02.02-05.41.08:390][  0]LogConfig: Setting CVar [[r.DOF.Recombine.EnableBokehSettings:0    ; no bokeh simulation on slight out of focus]]
[2020.02.02-05.41.08:390][  0]LogConfig: Setting CVar [[r.DOF.TemporalAAQuality:1                ; more stable temporal accumulation]]
[2020.02.02-05.41.08:390][  0]LogConfig: Setting CVar [[r.DOF.Kernel.MaxForegroundRadius:0.025]]
[2020.02.02-05.41.08:390][  0]LogConfig: Setting CVar [[r.DOF.Kernel.MaxBackgroundRadius:0.025]]
[2020.02.02-05.41.08:390][  0]LogConfig: Applying CVar settings from Section [TextureQuality@3] File [E:/Games/Epic Games/Unreal Projects/ProjectRPGV2/ActionRPGV2/Saved/Config/Windows/Scalability.ini]
[2020.02.02-05.41.08:390][  0]LogConfig: Setting CVar [[r.Streaming.MipBias:0]]
[2020.02.02-05.41.08:390][  0]LogConfig: Setting CVar [[r.Streaming.AmortizeCPUToGPUCopy:0]]
[2020.02.02-05.41.08:390][  0]LogConfig: Setting CVar [[r.Streaming.MaxNumTexturesToStreamPerFrame:0]]
[2020.02.02-05.41.08:390][  0]LogConfig: Setting CVar [[r.Streaming.Boost:1]]
[2020.02.02-05.41.08:390][  0]LogConfig: Setting CVar [[r.MaxAnisotropy:8]]
[2020.02.02-05.41.08:390][  0]LogConfig: Setting CVar [[r.VT.MaxAnisotropy:8]]
[2020.02.02-05.41.08:390][  0]LogConfig: Setting CVar [[r.Streaming.LimitPoolSizeToVRAM:0]]
[2020.02.02-05.41.08:390][  0]LogConfig: Setting CVar [[r.Streaming.PoolSize:1000]]
[2020.02.02-05.41.08:390][  0]LogConfig: Setting CVar [[r.Streaming.MaxEffectiveScreenSize:0]]
[2020.02.02-05.41.08:390][  0]LogConfig: Applying CVar settings from Section [EffectsQuality@3] File [E:/Games/Epic Games/Unreal Projects/ProjectRPGV2/ActionRPGV2/Saved/Config/Windows/Scalability.ini]
[2020.02.02-05.41.08:390][  0]LogConfig: Setting CVar [[r.TranslucencyLightingVolumeDim:64]]
[2020.02.02-05.41.08:390][  0]LogConfig: Setting CVar [[r.RefractionQuality:2]]
[2020.02.02-05.41.08:390][  0]LogConfig: Setting CVar [[r.SSR.Quality:3]]
[2020.02.02-05.41.08:390][  0]LogConfig: Setting CVar [[r.SSR.HalfResSceneColor:0]]
[2020.02.02-05.41.08:390][  0]LogConfig: Setting CVar [[r.SceneColorFormat:4]]
[2020.02.02-05.41.08:390][  0]LogConfig: Setting CVar [[r.DetailMode:2]]
[2020.02.02-05.41.08:390][  0]LogConfig: Setting CVar [[r.TranslucencyVolumeBlur:1]]
[2020.02.02-05.41.08:390][  0]LogConfig: Setting CVar [[r.MaterialQualityLevel:1 ; High quality]]
[2020.02.02-05.41.08:390][  0]LogConfig: Setting CVar [[r.SSS.Scale:1]]
[2020.02.02-05.41.08:390][  0]LogConfig: Setting CVar [[r.SSS.SampleSet:2]]
[2020.02.02-05.41.08:390][  0]LogConfig: Setting CVar [[r.SSS.Quality:1]]
[2020.02.02-05.41.08:390][  0]LogConfig: Setting CVar [[r.SSS.HalfRes:1]]
[2020.02.02-05.41.08:390][  0]LogConfig: Setting CVar [[r.SSGI.Quality:3]]
[2020.02.02-05.41.08:390][  0]LogConfig: Setting CVar [[r.EmitterSpawnRateScale:1.0]]
[2020.02.02-05.41.08:390][  0]LogConfig: Setting CVar [[r.ParticleLightQuality:2]]
[2020.02.02-05.41.08:390][  0]LogConfig: Setting CVar [[r.SkyAtmosphere.AerialPerspectiveLUT.FastApplyOnOpaque:1 ; Always have FastSkyLUT 1 in this case to avoid wrong sky]]
[2020.02.02-05.41.08:390][  0]LogConfig: Setting CVar [[r.SkyAtmosphere.AerialPerspectiveLUT.SampleCountPerSlice:1]]
[2020.02.02-05.41.08:390][  0]LogConfig: Setting CVar [[r.SkyAtmosphere.AerialPerspectiveLUT.DepthResolution:16.0]]
[2020.02.02-05.41.08:390][  0]LogConfig: Setting CVar [[r.SkyAtmosphere.FastSkyLUT:1]]
[2020.02.02-05.41.08:390][  0]LogConfig: Setting CVar [[r.SkyAtmosphere.FastSkyLUT.SampleCountMin:4.0]]
[2020.02.02-05.41.08:390][  0]LogConfig: Setting CVar [[r.SkyAtmosphere.FastSkyLUT.SampleCountMax:32.0]]
[2020.02.02-05.41.08:390][  0]LogConfig: Setting CVar [[r.SkyAtmosphere.SampleCountMin:4.0]]
[2020.02.02-05.41.08:390][  0]LogConfig: Setting CVar [[r.SkyAtmosphere.SampleCountMax:32.0]]
[2020.02.02-05.41.08:390][  0]LogConfig: Setting CVar [[r.SkyAtmosphere.TransmittanceLUT.UseSmallFormat:0]]
[2020.02.02-05.41.08:390][  0]LogConfig: Setting CVar [[r.SkyAtmosphere.TransmittanceLUT.SampleCount:10.0]]
[2020.02.02-05.41.08:390][  0]LogConfig: Setting CVar [[r.SkyAtmosphere.MultiScatteringLUT.SampleCount:15.0]]
[2020.02.02-05.41.08:390][  0]LogConfig: Applying CVar settings from Section [FoliageQuality@3] File [E:/Games/Epic Games/Unreal Projects/ProjectRPGV2/ActionRPGV2/Saved/Config/Windows/Scalability.ini]
[2020.02.02-05.41.08:390][  0]LogConfig: Setting CVar [[foliage.DensityScale:1.0]]
[2020.02.02-05.41.08:390][  0]LogConfig: Setting CVar [[grass.DensityScale:1.0]]
[2020.02.02-05.41.08:390][  0]LogConfig: Applying CVar settings from Section [ShadingQuality@3] File [E:/Games/Epic Games/Unreal Projects/ProjectRPGV2/ActionRPGV2/Saved/Config/Windows/Scalability.ini]
[2020.02.02-05.41.08:390][  0]LogConfig: Setting CVar [[r.HairStrands.SkyLighting.SampleCount:16]]
[2020.02.02-05.41.08:390][  0]LogConfig: Setting CVar [[r.HairStrands.SkyLighting.JitterIntegration:0]]
[2020.02.02-05.41.08:390][  0]LogConfig: Setting CVar [[r.HairStrands.SkyAO.SampleCount:16]]
[2020.02.02-05.41.08:390][  0]LogInit: Selected Device Profile: [Windows]
[2020.02.02-05.41.08:390][  0]LogInit: Applying CVar settings loaded from the selected device profile: [Windows]
[2020.02.02-05.41.08:392][  0]LogHAL: Display: Platform has ~ 16 GB [17127882752 / 17179869184 / 16], which maps to Larger [LargestMinGB=32, LargerMinGB=12, DefaultMinGB=8, SmallerMinGB=6, SmallestMinGB=0)
[2020.02.02-05.41.08:392][  0]LogInit: Going up to parent DeviceProfile []
[2020.02.02-05.41.08:392][  0]LogConfig: Applying CVar settings from Section [ViewDistanceQuality@3] File [E:/Games/Epic Games/Unreal Projects/ProjectRPGV2/ActionRPGV2/Saved/Config/Windows/Scalability.ini]
[2020.02.02-05.41.08:392][  0]LogConfig: Setting CVar [[r.SkeletalMeshLODBias:0]]
[2020.02.02-05.41.08:392][  0]LogConfig: Setting CVar [[r.ViewDistanceScale:1.0]]
[2020.02.02-05.41.08:392][  0]LogConfig: Applying CVar settings from Section [AntiAliasingQuality@3] File [E:/Games/Epic Games/Unreal Projects/ProjectRPGV2/ActionRPGV2/Saved/Config/Windows/Scalability.ini]
[2020.02.02-05.41.08:392][  0]LogConfig: Setting CVar [[r.PostProcessAAQuality:4]]
[2020.02.02-05.41.08:392][  0]LogConfig: Applying CVar settings from Section [ShadowQuality@3] File [E:/Games/Epic Games/Unreal Projects/ProjectRPGV2/ActionRPGV2/Saved/Config/Windows/Scalability.ini]
[2020.02.02-05.41.08:392][  0]LogConfig: Setting CVar [[r.LightFunctionQuality:1]]
[2020.02.02-05.41.08:392][  0]LogConfig: Setting CVar [[r.ShadowQuality:5]]
[2020.02.02-05.41.08:392][  0]LogConfig: Setting CVar [[r.Shadow.CSM.MaxCascades:10]]
[2020.02.02-05.41.08:392][  0]LogConfig: Setting CVar [[r.Shadow.MaxResolution:2048]]
[2020.02.02-05.41.08:392][  0]LogConfig: Setting CVar [[r.Shadow.MaxCSMResolution:2048]]
[2020.02.02-05.41.08:392][  0]LogConfig: Setting CVar [[r.Shadow.RadiusThreshold:0.01]]
[2020.02.02-05.41.08:392][  0]LogConfig: Setting CVar [[r.Shadow.DistanceScale:1.0]]
[2020.02.02-05.41.08:392][  0]LogConfig: Setting CVar [[r.Shadow.CSM.TransitionScale:1.0]]
[2020.02.02-05.41.08:393][  0]LogConfig: Setting CVar [[r.Shadow.PreShadowResolutionFactor:1.0]]
[2020.02.02-05.41.08:393][  0]LogConfig: Setting CVar [[r.DistanceFieldShadowing:1]]
[2020.02.02-05.41.08:393][  0]LogConfig: Setting CVar [[r.DistanceFieldAO:1]]
[2020.02.02-05.41.08:393][  0]LogConfig: Setting CVar [[r.AOQuality:2]]
[2020.02.02-05.41.08:393][  0]LogConfig: Setting CVar [[r.VolumetricFog:1]]
[2020.02.02-05.41.08:393][  0]LogConfig: Setting CVar [[r.VolumetricFog.GridPixelSize:8]]
[2020.02.02-05.41.08:393][  0]LogConfig: Setting CVar [[r.VolumetricFog.GridSizeZ:128]]
[2020.02.02-05.41.08:393][  0]LogConfig: Setting CVar [[r.VolumetricFog.HistoryMissSupersampleCount:4]]
[2020.02.02-05.41.08:393][  0]LogConfig: Setting CVar [[r.LightMaxDrawDistanceScale:1]]
[2020.02.02-05.41.08:393][  0]LogConfig: Setting CVar [[r.CapsuleShadows:1]]
[2020.02.02-05.41.08:393][  0]LogConfig: Applying CVar settings from Section [PostProcessQuality@3] File [E:/Games/Epic Games/Unreal Projects/ProjectRPGV2/ActionRPGV2/Saved/Config/Windows/Scalability.ini]
[2020.02.02-05.41.08:393][  0]LogConfig: Setting CVar [[r.MotionBlurQuality:4]]
[2020.02.02-05.41.08:393][  0]LogConfig: Setting CVar [[r.AmbientOcclusionMipLevelFactor:0.4]]
[2020.02.02-05.41.08:393][  0]LogConfig: Setting CVar [[r.AmbientOcclusionMaxQuality:100]]
[2020.02.02-05.41.08:393][  0]LogConfig: Setting CVar [[r.AmbientOcclusionLevels:-1]]
[2020.02.02-05.41.08:393][  0]LogConfig: Setting CVar [[r.AmbientOcclusionRadiusScale:1.0]]
[2020.02.02-05.41.08:393][  0]LogConfig: Setting CVar [[r.DepthOfFieldQuality:2]]
[2020.02.02-05.41.08:393][  0]LogConfig: Setting CVar [[r.RenderTargetPoolMin:400]]
[2020.02.02-05.41.08:393][  0]LogConfig: Setting CVar [[r.LensFlareQuality:2]]
[2020.02.02-05.41.08:393][  0]LogConfig: Setting CVar [[r.SceneColorFringeQuality:1]]
[2020.02.02-05.41.08:393][  0]LogConfig: Setting CVar [[r.EyeAdaptationQuality:2]]
[2020.02.02-05.41.08:393][  0]LogConfig: Setting CVar [[r.BloomQuality:5]]
[2020.02.02-05.41.08:393][  0]LogConfig: Setting CVar [[r.FastBlurThreshold:100]]
[2020.02.02-05.41.08:393][  0]LogConfig: Setting CVar [[r.Upscale.Quality:3]]
[2020.02.02-05.41.08:393][  0]LogConfig: Setting CVar [[r.Tonemapper.GrainQuantization:1]]
[2020.02.02-05.41.08:393][  0]LogConfig: Setting CVar [[r.LightShaftQuality:1]]
[2020.02.02-05.41.08:393][  0]LogConfig: Setting CVar [[r.Filter.SizeScale:1]]
[2020.02.02-05.41.08:393][  0]LogConfig: Setting CVar [[r.Tonemapper.Quality:5]]
[2020.02.02-05.41.08:393][  0]LogConfig: Setting CVar [[r.DOF.Gather.AccumulatorQuality:1        ; higher gathering accumulator quality]]
[2020.02.02-05.41.08:393][  0]LogConfig: Setting CVar [[r.DOF.Gather.PostfilterMethod:1          ; Median3x3 postfilering method]]
[2020.02.02-05.41.08:393][  0]LogConfig: Setting CVar [[r.DOF.Gather.EnableBokehSettings:0       ; no bokeh simulation when gathering]]
[2020.02.02-05.41.08:393][  0]LogConfig: Setting CVar [[r.DOF.Gather.RingCount:4                 ; medium number of samples when gathering]]
[2020.02.02-05.41.08:393][  0]LogConfig: Setting CVar [[r.DOF.Scatter.ForegroundCompositing:1    ; additive foreground scattering]]
[2020.02.02-05.41.08:393][  0]LogConfig: Setting CVar [[r.DOF.Scatter.BackgroundCompositing:2    ; additive background scattering]]
[2020.02.02-05.41.08:393][  0]LogConfig: Setting CVar [[r.DOF.Scatter.EnableBokehSettings:1      ; bokeh simulation when scattering]]
[2020.02.02-05.41.08:393][  0]LogConfig: Setting CVar [[r.DOF.Scatter.MaxSpriteRatio:0.1         ; only a maximum of 10% of scattered bokeh]]
[2020.02.02-05.41.08:393][  0]LogConfig: Setting CVar [[r.DOF.Recombine.Quality:1                ; cheap slight out of focus]]
[2020.02.02-05.41.08:393][  0]LogConfig: Setting CVar [[r.DOF.Recombine.EnableBokehSettings:0    ; no bokeh simulation on slight out of focus]]
[2020.02.02-05.41.08:393][  0]LogConfig: Setting CVar [[r.DOF.TemporalAAQuality:1                ; more stable temporal accumulation]]
[2020.02.02-05.41.08:393][  0]LogConfig: Setting CVar [[r.DOF.Kernel.MaxForegroundRadius:0.025]]
[2020.02.02-05.41.08:393][  0]LogConfig: Setting CVar [[r.DOF.Kernel.MaxBackgroundRadius:0.025]]
[2020.02.02-05.41.08:393][  0]LogConfig: Applying CVar settings from Section [TextureQuality@3] File [E:/Games/Epic Games/Unreal Projects/ProjectRPGV2/ActionRPGV2/Saved/Config/Windows/Scalability.ini]
[2020.02.02-05.41.08:393][  0]LogConfig: Setting CVar [[r.Streaming.MipBias:0]]
[2020.02.02-05.41.08:393][  0]LogConfig: Setting CVar [[r.Streaming.AmortizeCPUToGPUCopy:0]]
[2020.02.02-05.41.08:393][  0]LogConfig: Setting CVar [[r.Streaming.MaxNumTexturesToStreamPerFrame:0]]
[2020.02.02-05.41.08:393][  0]LogConfig: Setting CVar [[r.Streaming.Boost:1]]
[2020.02.02-05.41.08:393][  0]LogConfig: Setting CVar [[r.MaxAnisotropy:8]]
[2020.02.02-05.41.08:393][  0]LogConfig: Setting CVar [[r.VT.MaxAnisotropy:8]]
[2020.02.02-05.41.08:393][  0]LogConfig: Setting CVar [[r.Streaming.LimitPoolSizeToVRAM:0]]
[2020.02.02-05.41.08:393][  0]LogConfig: Setting CVar [[r.Streaming.PoolSize:1000]]
[2020.02.02-05.41.08:393][  0]LogConfig: Setting CVar [[r.Streaming.MaxEffectiveScreenSize:0]]
[2020.02.02-05.41.08:393][  0]LogConfig: Applying CVar settings from Section [EffectsQuality@3] File [E:/Games/Epic Games/Unreal Projects/ProjectRPGV2/ActionRPGV2/Saved/Config/Windows/Scalability.ini]
[2020.02.02-05.41.08:393][  0]LogConfig: Setting CVar [[r.TranslucencyLightingVolumeDim:64]]
[2020.02.02-05.41.08:393][  0]LogConfig: Setting CVar [[r.RefractionQuality:2]]
[2020.02.02-05.41.08:393][  0]LogConfig: Setting CVar [[r.SSR.Quality:3]]
[2020.02.02-05.41.08:393][  0]LogConfig: Setting CVar [[r.SSR.HalfResSceneColor:0]]
[2020.02.02-05.41.08:393][  0]LogConfig: Setting CVar [[r.SceneColorFormat:4]]
[2020.02.02-05.41.08:393][  0]LogConfig: Setting CVar [[r.DetailMode:2]]
[2020.02.02-05.41.08:393][  0]LogConfig: Setting CVar [[r.TranslucencyVolumeBlur:1]]
[2020.02.02-05.41.08:393][  0]LogConfig: Setting CVar [[r.MaterialQualityLevel:1 ; High quality]]
[2020.02.02-05.41.08:393][  0]LogConfig: Setting CVar [[r.SSS.Scale:1]]
[2020.02.02-05.41.08:393][  0]LogConfig: Setting CVar [[r.SSS.SampleSet:2]]
[2020.02.02-05.41.08:393][  0]LogConfig: Setting CVar [[r.SSS.Quality:1]]
[2020.02.02-05.41.08:393][  0]LogConfig: Setting CVar [[r.SSS.HalfRes:1]]
[2020.02.02-05.41.08:393][  0]LogConfig: Setting CVar [[r.SSGI.Quality:3]]
[2020.02.02-05.41.08:393][  0]LogConfig: Setting CVar [[r.EmitterSpawnRateScale:1.0]]
[2020.02.02-05.41.08:393][  0]LogConfig: Setting CVar [[r.ParticleLightQuality:2]]
[2020.02.02-05.41.08:393][  0]LogConfig: Setting CVar [[r.SkyAtmosphere.AerialPerspectiveLUT.FastApplyOnOpaque:1 ; Always have FastSkyLUT 1 in this case to avoid wrong sky]]
[2020.02.02-05.41.08:393][  0]LogConfig: Setting CVar [[r.SkyAtmosphere.AerialPerspectiveLUT.SampleCountPerSlice:1]]
[2020.02.02-05.41.08:393][  0]LogConfig: Setting CVar [[r.SkyAtmosphere.AerialPerspectiveLUT.DepthResolution:16.0]]
[2020.02.02-05.41.08:393][  0]LogConfig: Setting CVar [[r.SkyAtmosphere.FastSkyLUT:1]]
[2020.02.02-05.41.08:393][  0]LogConfig: Setting CVar [[r.SkyAtmosphere.FastSkyLUT.SampleCountMin:4.0]]
[2020.02.02-05.41.08:393][  0]LogConfig: Setting CVar [[r.SkyAtmosphere.FastSkyLUT.SampleCountMax:32.0]]
[2020.02.02-05.41.08:393][  0]LogConfig: Setting CVar [[r.SkyAtmosphere.SampleCountMin:4.0]]
[2020.02.02-05.41.08:393][  0]LogConfig: Setting CVar [[r.SkyAtmosphere.SampleCountMax:32.0]]
[2020.02.02-05.41.08:393][  0]LogConfig: Setting CVar [[r.SkyAtmosphere.TransmittanceLUT.UseSmallFormat:0]]
[2020.02.02-05.41.08:393][  0]LogConfig: Setting CVar [[r.SkyAtmosphere.TransmittanceLUT.SampleCount:10.0]]
[2020.02.02-05.41.08:393][  0]LogConfig: Setting CVar [[r.SkyAtmosphere.MultiScatteringLUT.SampleCount:15.0]]
[2020.02.02-05.41.08:393][  0]LogConfig: Applying CVar settings from Section [FoliageQuality@3] File [E:/Games/Epic Games/Unreal Projects/ProjectRPGV2/ActionRPGV2/Saved/Config/Windows/Scalability.ini]
[2020.02.02-05.41.08:393][  0]LogConfig: Setting CVar [[foliage.DensityScale:1.0]]
[2020.02.02-05.41.08:393][  0]LogConfig: Setting CVar [[grass.DensityScale:1.0]]
[2020.02.02-05.41.08:393][  0]LogConfig: Applying CVar settings from Section [ShadingQuality@3] File [E:/Games/Epic Games/Unreal Projects/ProjectRPGV2/ActionRPGV2/Saved/Config/Windows/Scalability.ini]
[2020.02.02-05.41.08:393][  0]LogConfig: Setting CVar [[r.HairStrands.SkyLighting.SampleCount:16]]
[2020.02.02-05.41.08:393][  0]LogConfig: Setting CVar [[r.HairStrands.SkyLighting.JitterIntegration:0]]
[2020.02.02-05.41.08:393][  0]LogConfig: Setting CVar [[r.HairStrands.SkyAO.SampleCount:16]]
[2020.02.02-05.41.08:393][  0]LogConfig: Applying CVar settings from Section [Startup] File [../../../Engine/Config/ConsoleVariables.ini]
[2020.02.02-05.41.08:394][  0]LogConfig: Setting CVar [[net.UseAdaptiveNetUpdateFrequency:0]]
[2020.02.02-05.41.08:394][  0]LogConfig: Setting CVar [[p.chaos.AllowCreatePhysxBodies:1]]
[2020.02.02-05.41.08:394][  0]LogConfig: Applying CVar settings from Section [ConsoleVariables] File [E:/Games/Epic Games/Unreal Projects/ProjectRPGV2/ActionRPGV2/Saved/Config/Windows/Engine.ini]
[2020.02.02-05.41.08:394][  0]LogInit: Computer: JACKS-PC
[2020.02.02-05.41.08:394][  0]LogInit: User: JackWislen
[2020.02.02-05.41.08:394][  0]LogInit: CPU Page size=4096, Cores=8
[2020.02.02-05.41.08:394][  0]LogInit: High frequency timer resolution =10.000000 MHz
[2020.02.02-05.41.08:394][  0]LogMemory: Memory total: Physical=16.0GB (16GB approx)
[2020.02.02-05.41.08:394][  0]LogMemory: Platform Memory Stats for Windows
[2020.02.02-05.41.08:394][  0]LogMemory: Process Physical Memory: 105.55 MB used, 105.55 MB peak
[2020.02.02-05.41.08:394][  0]LogMemory: Process Virtual Memory: 102.51 MB used, 102.51 MB peak
[2020.02.02-05.41.08:394][  0]LogMemory: Physical Memory: 9577.03 MB used,  6757.39 MB free, 16334.42 MB total
[2020.02.02-05.41.08:394][  0]LogMemory: Virtual Memory: 5179.24 MB used,  134212552.00 MB free, 134217728.00 MB total
[2020.02.02-05.41.08:397][  0]LogWindows: WindowsPlatformFeatures enabled
[2020.02.02-05.41.08:413][  0]LogInit: Using OS detected language (en-US).
[2020.02.02-05.41.08:414][  0]LogInit: Using OS detected locale (en-US).
[2020.02.02-05.41.08:415][  0]LogTextLocalizationManager: No specific localization for 'en-US' exists, so the 'en' localization will be used.
[2020.02.02-05.41.08:578][  0]LogInit: Setting process to per monitor DPI aware
[2020.02.02-05.41.08:618][  0]LogSlate: New Slate User Created.  User Index 0, Is Virtual User: 0
[2020.02.02-05.41.08:618][  0]LogSlate: Slate User Registered.  User Index 0, Is Virtual User: 0
[2020.02.02-05.41.08:811][  0]LogHMD: Failed to initialize OpenVR with code 110
[2020.02.02-05.41.08:811][  0]LogD3D11RHI: D3D11 min allowed feature level: 11_0
[2020.02.02-05.41.08:811][  0]LogD3D11RHI: D3D11 max allowed feature level: 11_0
[2020.02.02-05.41.08:811][  0]LogD3D11RHI: D3D11 adapters:
[2020.02.02-05.41.08:888][  0]LogD3D11RHI:    0. 'NVIDIA GeForce GTX 1080 Ti' (Feature Level 11_0)
[2020.02.02-05.41.08:888][  0]LogD3D11RHI:       11127/0/8167 MB DedicatedVideo/DedicatedSystem/SharedSystem, Outputs:1, VendorId:0x10de
[2020.02.02-05.41.08:890][  0]LogD3D11RHI:    1. 'Microsoft Basic Render Driver' (Feature Level 11_0)
[2020.02.02-05.41.08:890][  0]LogD3D11RHI:       0/0/8167 MB DedicatedVideo/DedicatedSystem/SharedSystem, Outputs:0, VendorId:0x1414
[2020.02.02-05.41.08:890][  0]LogD3D11RHI: Chosen D3D11 Adapter: 0
[2020.02.02-05.41.08:902][  0]LogD3D11RHI: Creating new Direct3DDevice
[2020.02.02-05.41.08:902][  0]LogD3D11RHI:     GPU DeviceId: 0x1b06 (for the marketing name, search the web for "GPU Device Id")
[2020.02.02-05.41.08:902][  0]LogWindows: EnumDisplayDevices:
[2020.02.02-05.41.08:902][  0]LogWindows:    0. 'NVIDIA GeForce GTX 1080 Ti' (P:1 D:1)
[2020.02.02-05.41.08:902][  0]LogWindows:    1. 'NVIDIA GeForce GTX 1080 Ti' (P:0 D:0)
[2020.02.02-05.41.08:902][  0]LogWindows:    2. 'NVIDIA GeForce GTX 1080 Ti' (P:0 D:0)
[2020.02.02-05.41.08:902][  0]LogWindows:    3. 'NVIDIA GeForce GTX 1080 Ti' (P:0 D:0)
[2020.02.02-05.41.08:903][  0]LogWindows: DebugString: FoundDriverCount:4 
[2020.02.02-05.41.08:903][  0]LogD3D11RHI:     Adapter Name: NVIDIA GeForce GTX 1080 Ti
[2020.02.02-05.41.08:903][  0]LogD3D11RHI:   Driver Version: 441.87 (internal:26.21.14.4187, unified:441.87)
[2020.02.02-05.41.08:903][  0]LogD3D11RHI:      Driver Date: 12-24-2019
[2020.02.02-05.41.08:903][  0]LogRHI: Texture pool is 7788 MB (70% of 11127 MB)
[2020.02.02-05.41.08:949][  0]LogD3D11RHI: RHI has support for 64 bit atomics
[2020.02.02-05.41.08:949][  0]LogD3D11RHI: Async texture creation enabled
[2020.02.02-05.41.08:950][  0]LogD3D11RHI: HDR output is supported on display 0 (NvId: 0x80061083).
[2020.02.02-05.41.08:973][  0]LogD3D11RHI: GPU Timing Frequency: 1000.000000 (Debug: 2 1)
[2020.02.02-05.41.09:264][  0]LogTargetPlatformManager: Display: Loaded TargetPlatform 'AllDesktop'
[2020.02.02-05.41.09:294][  0]LogTargetPlatformManager: Display: Loaded TargetPlatform 'Android'
[2020.02.02-05.41.09:294][  0]LogTargetPlatformManager: Display: Loaded TargetPlatform 'Android_ASTC'
[2020.02.02-05.41.09:294][  0]LogTargetPlatformManager: Display: Loaded TargetPlatform 'Android_ATC'
[2020.02.02-05.41.09:294][  0]LogTargetPlatformManager: Display: Loaded TargetPlatform 'Android_DXT'
[2020.02.02-05.41.09:294][  0]LogTargetPlatformManager: Display: Loaded TargetPlatform 'Android_ETC1'
[2020.02.02-05.41.09:294][  0]LogTargetPlatformManager: Display: Loaded TargetPlatform 'Android_ETC1a'
[2020.02.02-05.41.09:294][  0]LogTargetPlatformManager: Display: Loaded TargetPlatform 'Android_ETC2'
[2020.02.02-05.41.09:294][  0]LogTargetPlatformManager: Display: Loaded TargetPlatform 'Android_PVRTC'
[2020.02.02-05.41.09:294][  0]LogTargetPlatformManager: Display: Loaded TargetPlatform 'AndroidClient'
[2020.02.02-05.41.09:294][  0]LogTargetPlatformManager: Display: Loaded TargetPlatform 'Android_ASTCClient'
[2020.02.02-05.41.09:294][  0]LogTargetPlatformManager: Display: Loaded TargetPlatform 'Android_ATCClient'
[2020.02.02-05.41.09:294][  0]LogTargetPlatformManager: Display: Loaded TargetPlatform 'Android_DXTClient'
[2020.02.02-05.41.09:294][  0]LogTargetPlatformManager: Display: Loaded TargetPlatform 'Android_ETC1Client'
[2020.02.02-05.41.09:294][  0]LogTargetPlatformManager: Display: Loaded TargetPlatform 'Android_ETC1aClient'
[2020.02.02-05.41.09:294][  0]LogTargetPlatformManager: Display: Loaded TargetPlatform 'Android_ETC2Client'
[2020.02.02-05.41.09:294][  0]LogTargetPlatformManager: Display: Loaded TargetPlatform 'Android_PVRTCClient'
[2020.02.02-05.41.09:294][  0]LogTargetPlatformManager: Display: Loaded TargetPlatform 'Android_Multi'
[2020.02.02-05.41.09:294][  0]LogTargetPlatformManager: Display: Loaded TargetPlatform 'Android_MultiClient'
[2020.02.02-05.41.09:311][  0]LogTargetPlatformManager: Display: Loaded TargetPlatform 'IOSClient'
[2020.02.02-05.41.09:311][  0]LogTargetPlatformManager: Display: Loaded TargetPlatform 'IOS'
[2020.02.02-05.41.09:318][  0]LogTargetPlatformManager: Display: Loaded TargetPlatform 'LinuxNoEditor'
[2020.02.02-05.41.09:325][  0]LogTargetPlatformManager: Display: Loaded TargetPlatform 'LinuxClient'
[2020.02.02-05.41.09:331][  0]LogTargetPlatformManager: Display: Loaded TargetPlatform 'LinuxServer'
[2020.02.02-05.41.09:337][  0]LogTargetPlatformManager: Display: Loaded TargetPlatform 'LinuxAArch64NoEditor'
[2020.02.02-05.41.09:343][  0]LogTargetPlatformManager: Display: Loaded TargetPlatform 'LinuxAArch64Client'
[2020.02.02-05.41.09:351][  0]LogTargetPlatformManager: Display: Loaded TargetPlatform 'LinuxAArch64Server'
[2020.02.02-05.41.09:371][  0]LogTargetPlatformManager: Display: Loaded TargetPlatform 'Lumin'
[2020.02.02-05.41.09:371][  0]LogTargetPlatformManager: Display: Loaded TargetPlatform 'LuminClient'
[2020.02.02-05.41.09:383][  0]LogTargetPlatformManager: Display: Loaded TargetPlatform 'TVOSClient'
[2020.02.02-05.41.09:383][  0]LogTargetPlatformManager: Display: Loaded TargetPlatform 'TVOS'
[2020.02.02-05.41.09:392][  0]LogTargetPlatformManager: Display: Loaded TargetPlatform 'WindowsNoEditor'
[2020.02.02-05.41.09:400][  0]LogTargetPlatformManager: Display: Loaded TargetPlatform 'Windows'
[2020.02.02-05.41.09:406][  0]LogTargetPlatformManager: Display: Loaded TargetPlatform 'WindowsClient'
[2020.02.02-05.41.09:413][  0]LogTargetPlatformManager: Display: Loaded TargetPlatform 'WindowsServer'
[2020.02.02-05.41.09:414][  0]LogTargetPlatformManager: Display: Building Assets For Windows
[2020.02.02-05.41.09:416][  0]LogAudioDebug: Display: Lib vorbis DLL was dynamically loaded.
[2020.02.02-05.41.09:434][  0]LogShaderCompilers: Guid format shader working directory is -1 characters bigger than the processId version (../../../../Unreal Projects/ProjectRPGV2/ActionRPGV2/Intermediate/Shaders/WorkingDirectory/26448/).
[2020.02.02-05.41.09:434][  0]LogShaderCompilers: Cleaned the shader compiler working directory 'C:/Users/Jack Wislen/AppData/Local/Temp/UnrealShaderWorkingDir/18782C1442769071083D9BA511F19DF0/'.
[2020.02.02-05.41.09:434][  0]LogXGEController: Cannot use XGE Controller as Incredibuild is not installed on this machine.
[2020.02.02-05.41.09:434][  0]LogShaderCompilers: Cannot use XGE Shader Compiler as Incredibuild is not installed on this machine.
[2020.02.02-05.41.09:434][  0]LogShaderCompilers: Display: Using Local Shader Compiler.
[2020.02.02-05.41.10:058][  0]LogDerivedDataCache: Display: Max Cache Size: 512 MB
[2020.02.02-05.41.10:144][  0]LogDerivedDataCache: Loaded boot cache 0.09s 98MB C:/Users/Jack Wislen/AppData/Local/UnrealEngine/4.24/DerivedDataCache/Boot.ddc.
[2020.02.02-05.41.10:144][  0]LogDerivedDataCache: Display: Loaded Boot cache: C:/Users/Jack Wislen/AppData/Local/UnrealEngine/4.24/DerivedDataCache/Boot.ddc
[2020.02.02-05.41.10:144][  0]LogDerivedDataCache: FDerivedDataBackendGraph:  Pak pak cache file ../../../../Unreal Projects/ProjectRPGV2/ActionRPGV2/DerivedDataCache/DDC.ddp not found, will not use a pak cache.
[2020.02.02-05.41.10:144][  0]LogDerivedDataCache: Unable to find inner node Pak for hierarchical cache Hierarchy.
[2020.02.02-05.41.10:144][  0]LogDerivedDataCache: FDerivedDataBackendGraph:  CompressedPak pak cache file ../../../../Unreal Projects/ProjectRPGV2/ActionRPGV2/DerivedDataCache/Compressed.ddp not found, will not use a pak cache.
[2020.02.02-05.41.10:144][  0]LogDerivedDataCache: Unable to find inner node CompressedPak for hierarchical cache Hierarchy.
[2020.02.02-05.41.10:154][  0]LogDerivedDataCache: Display: Pak cache opened for reading ../../../Engine/DerivedDataCache/Compressed.ddp.
[2020.02.02-05.41.10:154][  0]LogDerivedDataCache: FDerivedDataBackendGraph:  EnterprisePak pak cache file ../../../Enterprise/DerivedDataCache/Compressed.ddp not found, will not use a pak cache.
[2020.02.02-05.41.10:154][  0]LogDerivedDataCache: Unable to find inner node EnterprisePak for hierarchical cache Hierarchy.
[2020.02.02-05.41.10:155][  0]LogDerivedDataCache: Using Local data cache path C:/Users/Jack Wislen/AppData/Local/UnrealEngine/Common/DerivedDataCache: Writable
[2020.02.02-05.41.10:155][  0]LogDerivedDataCache: Shared data cache path not found in *engine.ini, will not use an Shared cache.
[2020.02.02-05.41.10:155][  0]LogDerivedDataCache: Unable to find inner node Shared for hierarchical cache Hierarchy.
[2020.02.02-05.41.10:178][  0]LogMaterial: Verifying Global Shaders for PCD3D_SM5
[2020.02.02-05.41.10:181][  0]LogSlate: Using FreeType 2.10.0
[2020.02.02-05.41.10:181][  0]LogSlate: SlateFontServices - WITH_FREETYPE: 1, WITH_HARFBUZZ: 1
[2020.02.02-05.41.10:234][  0]LogAssetRegistry: FAssetRegistry took 0.0027 seconds to start up
[2020.02.02-05.41.10:534][  0]LogInit: Selected Device Profile: [Windows]
[2020.02.02-05.41.10:669][  0]LogMeshReduction: Using QuadricMeshReduction for automatic static mesh reduction
[2020.02.02-05.41.10:669][  0]LogMeshReduction: Using SimplygonMeshReduction for automatic skeletal mesh reduction
[2020.02.02-05.41.10:669][  0]LogMeshReduction: Using ProxyLODMeshReduction for automatic mesh merging
[2020.02.02-05.41.10:669][  0]LogMeshReduction: No distributed automatic mesh merging module available
[2020.02.02-05.41.10:669][  0]LogMeshMerging: No distributed automatic mesh merging module available
[2020.02.02-05.41.10:681][  0]LogNetVersion: ActionRPGV2 1.0.0, NetCL: 10570792, EngineNetVer: 13, GameNetVer: 0 (Checksum: 2498225453)
[2020.02.02-05.41.11:744][  0]LogPackageLocalizationCache: Processed 12 localized package path(s) for 1 prioritized culture(s) in 0.069176 seconds
[2020.02.02-05.41.11:755][  0]LogUObjectArray: 46750 objects as part of root set at end of initial load.
[2020.02.02-05.41.11:755][  0]LogUObjectAllocator: 8137160 out of 0 bytes used by permanent object pool.
[2020.02.02-05.41.11:755][  0]LogUObjectArray: CloseDisregardForGC: 0/0 objects in disregard for GC pool
[2020.02.02-05.41.12:148][  0]LogAttributes: Attributes: Log Started
[2020.02.02-05.41.12:157][  0]LogTcpMessaging: Initializing TcpMessaging bridge
[2020.02.02-05.41.12:162][  0]LogUdpMessaging: Initializing bridge on interface 0.0.0.0:0 to multicast group 230.0.0.1:6666.
[2020.02.02-05.41.12:225][  0]SourceControl: Source control is disabled
[2020.02.02-05.41.12:225][  0]SourceControl: Source control is disabled
[2020.02.02-05.41.12:226][  0]SourceControl: Source control is disabled
[2020.02.02-05.41.12:226][  0]SourceControl: Source control is disabled
[2020.02.02-05.41.12:227][  0]SourceControl: Source control is disabled
[2020.02.02-05.41.12:411][  0]LogStreaming: Warning: Failed to read file '../../../Engine/Plugins/Marketplace/Iliad/Resources/OdysseyAssetResources/.png' error.
[2020.02.02-05.41.12:411][  0]LogSlate: Could not find file for Slate resource: ../../../Engine/Plugins/Marketplace/Iliad/Resources/OdysseyAssetResources/.png
[2020.02.02-05.41.12:411][  0]LogStreaming: Warning: Failed to read file '../../../Engine/Plugins/Marketplace/Iliad/Resources/OdysseyAssetResources/.png' error.
[2020.02.02-05.41.12:411][  0]LogSlate: Could not find file for Slate resource: ../../../Engine/Plugins/Marketplace/Iliad/Resources/OdysseyAssetResources/.png
[2020.02.02-05.41.12:411][  0]LogStreaming: Warning: Failed to read file '../../../Engine/Plugins/Marketplace/Iliad/Resources/OdysseyAssetResources/.png' error.
[2020.02.02-05.41.12:411][  0]LogSlate: Could not find file for Slate resource: ../../../Engine/Plugins/Marketplace/Iliad/Resources/OdysseyAssetResources/.png
[2020.02.02-05.41.12:411][  0]LogStreaming: Warning: Failed to read file '../../../Engine/Plugins/Marketplace/Iliad/Resources/OdysseyAssetResources/.png' error.
[2020.02.02-05.41.12:411][  0]LogSlate: Could not find file for Slate resource: ../../../Engine/Plugins/Marketplace/Iliad/Resources/OdysseyAssetResources/.png
[2020.02.02-05.41.12:411][  0]LogStreaming: Warning: Failed to read file '../../../Engine/Plugins/Marketplace/Iliad/Resources/OdysseyAssetResources/.png' error.
[2020.02.02-05.41.12:411][  0]LogSlate: Could not find file for Slate resource: ../../../Engine/Plugins/Marketplace/Iliad/Resources/OdysseyAssetResources/.png
[2020.02.02-05.41.12:461][  0]LogAndroidPermission: UAndroidPermissionCallbackProxy::GetInstance
[2020.02.02-05.41.12:477][  0]LogAudioCaptureCore: Display: No Audio Capture implementations found. Audio input will be silent.
[2020.02.02-05.41.12:477][  0]LogAudioCaptureCore: Display: No Audio Capture implementations found. Audio input will be silent.
[2020.02.02-05.41.12:556][  0]LogOcInput: OculusInput pre-init called
[2020.02.02-05.41.12:563][  0]LogWindows: Failed to load 'OVRPlugin.dll' (GetLastError=126)
[2020.02.02-05.41.12:563][  0]LogWindows: File 'OVRPlugin.dll' does not exist
[2020.02.02-05.41.12:630][  0]LogClass: Warning: FAttrModifier::Guid is not initialized properly
[2020.02.02-05.41.12:630][  0]LogClass: Warning: FBaseAttr::Id is not initialized properly
[2020.02.02-05.41.12:630][  0]LogClass: Warning: FOdysseyPivot::Offset is not initialized properly
[2020.02.02-05.41.12:631][  0]LogClass: Display: 3 Uninitialized script stuct members found
[2020.02.02-05.41.12:631][  0]LogAutomationTest: Warning: FAttrModifier::Guid is not initialized properly
[2020.02.02-05.41.12:631][  0]LogAutomationTest: Warning: FBaseAttr::Id is not initialized properly
[2020.02.02-05.41.12:631][  0]LogAutomationTest: Warning: FOdysseyPivot::Offset is not initialized properly
[2020.02.02-05.41.12:632][  0]LogEngine: Initializing Engine...
[2020.02.02-05.41.12:633][  0]LogHMD: Failed to initialize OpenVR with code 110
[2020.02.02-05.41.12:633][  0]LogStylusInput: Initializing StylusInput subsystem.
[2020.02.02-05.41.12:640][  0]LogStats: UGameplayTagsManager::InitializeManager -  0.000 s
[2020.02.02-05.41.12:974][  0]LogInit: Initializing FReadOnlyCVARCache
[2020.02.02-05.41.12:984][  0]LogAIModule: Creating AISystem for world Untitled
[2020.02.02-05.41.13:000][  0]LogAudioMixer: Display: Audio Mixer Platform Settings:
[2020.02.02-05.41.13:000][  0]LogAudioMixer: Display: 	Sample Rate:						  48000
[2020.02.02-05.41.13:000][  0]LogAudioMixer: Display: 	Callback Buffer Frame Size Requested: 1024
[2020.02.02-05.41.13:000][  0]LogAudioMixer: Display: 	Callback Buffer Frame Size To Use:	  1024
[2020.02.02-05.41.13:000][  0]LogAudioMixer: Display: 	Number of buffers to queue:			  2
[2020.02.02-05.41.13:000][  0]LogAudioMixer: Display: 	Max Channels (voices):				  32
[2020.02.02-05.41.13:000][  0]LogAudioMixer: Display: 	Number of Async Source Workers:		  0
[2020.02.02-05.41.13:000][  0]LogAudio: Display: AudioDevice MaxSources: 32
[2020.02.02-05.41.13:000][  0]LogAudio: Display: Using built-in audio occlusion.
[2020.02.02-05.41.13:000][  0]LogAudioMixer: Display: Initializing audio mixer.
[2020.02.02-05.41.13:035][  0]LogAudioMixer: Display: Audio Device Output Speaker Info:
[2020.02.02-05.41.13:036][  0]LogAudioMixer: Display: Name: Speakers (GameDAC Game)
[2020.02.02-05.41.13:036][  0]LogAudioMixer: Display: Is Default: Yes
[2020.02.02-05.41.13:036][  0]LogAudioMixer: Display: Sample Rate: 48000
[2020.02.02-05.41.13:036][  0]LogAudioMixer: Display: Channel Count Used: 6
[2020.02.02-05.41.13:036][  0]LogAudioMixer: Display: Device Channel Count: 6
[2020.02.02-05.41.13:036][  0]LogAudioMixer: Display: Channel Order:
[2020.02.02-05.41.13:036][  0]LogAudioMixer: Display: 0: FrontLeft
[2020.02.02-05.41.13:036][  0]LogAudioMixer: Display: 1: FrontRight
[2020.02.02-05.41.13:036][  0]LogAudioMixer: Display: 2: FrontCenter
[2020.02.02-05.41.13:036][  0]LogAudioMixer: Display: 3: LowFrequency
[2020.02.02-05.41.13:036][  0]LogAudioMixer: Display: 4: SideLeft
[2020.02.02-05.41.13:036][  0]LogAudioMixer: Display: 5: SideRight
[2020.02.02-05.41.13:097][  0]LogAudioMixer: Display: Using Audio Device Speakers (GameDAC Game)
[2020.02.02-05.41.13:114][  0]LogInit: FAudioDevice initialized.
[2020.02.02-05.41.13:115][  0]LogNetVersion: Set ProjectVersion to 2.0. Version Checksum will be recalculated on next use.
[2020.02.02-05.41.13:214][  0]LogDerivedDataCache: Saved boot cache 0.10s 98MB C:/Users/Jack Wislen/AppData/Local/UnrealEngine/4.24/DerivedDataCache/Boot.ddc.
[2020.02.02-05.41.13:221][  0]LogInit: Texture streaming: Enabled
[2020.02.02-05.41.13:235][  0]LogEngineSessionManager: EngineSessionManager initialized
[2020.02.02-05.41.13:235][  0]LogEditorSessionSummary: Verbose: Initializing EditorSessionSummaryWriter for editor session tracking
[2020.02.02-05.41.13:238][  0]LogEditorSessionSummary: EditorSessionSummaryWriter initialized
[2020.02.02-05.41.13:288][  0]LogInit: Transaction tracking system initialized
[2020.02.02-05.41.13:297][  0]BlueprintLog: New page: Editor Load
[2020.02.02-05.41.13:336][  0]LocalizationService: Localization service is disabled
[2020.02.02-05.41.13:599][  0]LogFileCache: Scanning file cache for directory 'E:/Games/Epic Games/Unreal Projects/ProjectRPGV2/ActionRPGV2/Content/' took 0.01s
[2020.02.02-05.41.13:599][  0]LogCook: Display: Max memory allowance for cook 16384mb min free memory 0mb
[2020.02.02-05.41.13:599][  0]LogCook: Display: Mobile HDR setting 1
[2020.02.02-05.41.13:621][  0]LogAttributesEd: AttributesEditor: Log Started
[2020.02.02-05.41.14:293][  0]LogStreaming: Warning: Failed to read file '../../../Engine/Plugins/Marketplace/Iliad/Resources/OdysseyAssetResources/.png' error.
[2020.02.02-05.41.14:293][  0]LogSlate: Could not find file for Slate resource: ../../../Engine/Plugins/Marketplace/Iliad/Resources/OdysseyAssetResources/.png
[2020.02.02-05.41.14:293][  0]LogStreaming: Warning: Failed to read file '../../../Engine/Plugins/Marketplace/Iliad/Resources/OdysseyAssetResources/.png' error.
[2020.02.02-05.41.14:293][  0]LogSlate: Could not find file for Slate resource: ../../../Engine/Plugins/Marketplace/Iliad/Resources/OdysseyAssetResources/.png
[2020.02.02-05.41.14:293][  0]LogStreaming: Warning: Failed to read file '../../../Engine/Plugins/Marketplace/Iliad/Resources/OdysseyAssetResources/.png' error.
[2020.02.02-05.41.14:293][  0]LogSlate: Could not find file for Slate resource: ../../../Engine/Plugins/Marketplace/Iliad/Resources/OdysseyAssetResources/.png
[2020.02.02-05.41.14:294][  0]LogStreaming: Warning: Failed to read file '../../../Engine/Plugins/Marketplace/Iliad/Resources/OdysseyAssetResources/.png' error.
[2020.02.02-05.41.14:294][  0]LogSlate: Could not find file for Slate resource: ../../../Engine/Plugins/Marketplace/Iliad/Resources/OdysseyAssetResources/.png
[2020.02.02-05.41.14:294][  0]LogStreaming: Warning: Failed to read file '../../../Engine/Plugins/Marketplace/Iliad/Resources/OdysseyAssetResources/.png' error.
[2020.02.02-05.41.14:294][  0]LogSlate: Could not find file for Slate resource: ../../../Engine/Plugins/Marketplace/Iliad/Resources/OdysseyAssetResources/.png
[2020.02.02-05.41.14:381][  0]SourceControl: Source control is disabled
[2020.02.02-05.41.14:381][  0]Cmd: MAP LOAD FILE="../../../../Unreal Projects/ProjectRPGV2/ActionRPGV2/Content/InventorySystem/Maps/InventoryExampleMap.umap" TEMPLATE=0 SHOWPROGRESS=1 FEATURELEVEL=3
[2020.02.02-05.41.14:382][  0]LightingResults: New page: Lighting Build
[2020.02.02-05.41.14:383][  0]LogWorld: UWorld::CleanupWorld for Untitled, bSessionEnded=true, bCleanupResources=true
[2020.02.02-05.41.14:383][  0]LogSlate: InvalidateAllWidgets triggered.  All widgets were invalidated
[2020.02.02-05.41.14:383][  0]MapCheck: New page: Map Check
[2020.02.02-05.41.14:383][  0]LightingResults: New page: Lighting Build
[2020.02.02-05.41.14:413][  0]LogUObjectHash: Compacting FUObjectHashTables data took   1.89ms
[2020.02.02-05.41.14:550][  0]LogClass: Warning: Enum '/Game/InventorySystem/Blueprints/Inventory/EquipmentSlots.EquipmentSlots' was upgraded to use FText to store its display name data. Please re-save this asset to avoid issues with localization and determinstic cooking.
[2020.02.02-05.41.14:598][  0]LogClass: Warning: Enum '/Game/InventorySystem/Blueprints/Inventory/ItemQuality.ItemQuality' was upgraded to use FText to store its display name data. Please re-save this asset to avoid issues with localization and determinstic cooking.
[2020.02.02-05.41.14:630][  0]LogClass: Warning: Enum '/Game/InventorySystem/Blueprints/Inventory/EquipmentType.EquipmentType' was upgraded to use FText to store its display name data. Please re-save this asset to avoid issues with localization and determinstic cooking.
[2020.02.02-05.41.14:930][  0]LogLinker: Display: CreateExport: Failed to load Parent for Function /Game/InventorySystem/Blueprints/Weapons/Weapon_Rifle_Assualt.Weapon_Rifle_Assualt_C:UserConstructionScript; removing parent information, but keeping function
[2020.02.02-05.41.15:166][  0]LogClass: Warning: Enum '/Game/InventorySystem/Blueprints/Inventory/ItemType.ItemType' was upgraded to use FText to store its display name data. Please re-save this asset to avoid issues with localization and determinstic cooking.
[2020.02.02-05.41.15:280][  0]LogBlueprint: Warning: [Compiler InventoryManagerComponent] Add Torque : Usage of 'Add Torque' has been deprecated. Use AddTorqueInRadians instead
[2020.02.02-05.41.15:792][  0]LogBlueprint: Warning: [Compiler Usable_Door] SKEL_Usable_Actor_C.WasUsed is private and not accessible in this context. Please fix mark up or cease accessing as this will be an error in a future release.  Get WasUsed
[2020.02.02-05.41.16:145][  0]LogClass: Warning: Enum '/Game/InventorySystem/Blueprints/Inventory/EquipmentSlotType.EquipmentSlotType' was upgraded to use FText to store its display name data. Please re-save this asset to avoid issues with localization and determinstic cooking.
[2020.02.02-05.41.16:264][  0]LogClass: Warning: Enum '/Game/InventorySystem/Blueprints/Demo/Classes.Classes' was upgraded to use FText to store its display name data. Please re-save this asset to avoid issues with localization and determinstic cooking.
[2020.02.02-05.41.16:492][  0]LogAIModule: Creating AISystem for world InventoryExampleMap
[2020.02.02-05.41.16:532][  0]LogSpawn: Warning: SpawnActor failed because we are running a ConstructionScript (Weapon_Rifle_Assualt_C)
[2020.02.02-05.41.16:533][  0]LogScript: Warning: Accessed None trying to read property MainHandWeaponReference
	EquipmentInventoryComponent_C /Game/InventorySystem/Maps/InventoryExampleMap.InventoryExampleMap:PersistentLevel.Muppet_C_0.EquipmentInventoryComponent
	Function /Game/InventorySystem/Blueprints/Components/EquipmentInventoryComponent.EquipmentInventoryComponent_C:UpdateMainHandWeapon:025F
[2020.02.02-05.41.16:537][  0]LogEditorServer: Finished looking for orphan Actors (0.000 secs)
[2020.02.02-05.41.16:587][  0]LogUObjectHash: Compacting FUObjectHashTables data took   5.62ms
[2020.02.02-05.41.16:589][  0]Cmd: MAP CHECKDEP NOCLEARLOG
[2020.02.02-05.41.16:589][  0]MapCheck: Map check complete: 0 Error(s), 0 Warning(s), took 0.149ms to complete.
[2020.02.02-05.41.16:589][  0]LogFileHelpers: Loading map 'InventoryExampleMap' took 2.208
[2020.02.02-05.41.16:690][  0]LogCollectionManager: Loaded 0 collections in 0.000862 seconds
[2020.02.02-05.41.16:704][  0]LogFileCache: Scanning file cache for directory 'E:/Games/Epic Games/Unreal Projects/ProjectRPGV2/ActionRPGV2/Saved/Collections/' took 0.00s
[2020.02.02-05.41.16:704][  0]LogFileCache: Scanning file cache for directory 'E:/Games/Epic Games/Unreal Projects/ProjectRPGV2/ActionRPGV2/Content/Developers/JackWislen/Collections/' took 0.00s
[2020.02.02-05.41.16:704][  0]LogFileCache: Scanning file cache for directory 'E:/Games/Epic Games/Unreal Projects/ProjectRPGV2/ActionRPGV2/Content/Collections/' took 0.00s
[2020.02.02-05.41.16:704][  0]LogContentBrowser: Native class hierarchy populated in 0.0091 seconds. Added 3042 classes and 745 folders.
[2020.02.02-05.41.16:707][  0]LogContentBrowser: Native class hierarchy updated for 'WidgetCarousel' in 0.0003 seconds. Added 0 classes and 0 folders.
[2020.02.02-05.41.16:765][  0]LogContentBrowser: Native class hierarchy updated for 'AddContentDialog' in 0.0003 seconds. Added 0 classes and 0 folders.
[2020.02.02-05.41.16:771][  0]LogContentBrowser: Native class hierarchy updated for 'SceneOutliner' in 0.0005 seconds. Added 2 classes and 3 folders.
[2020.02.02-05.41.16:797][  0]LogSlate: Updating window title bar state: overlay mode, drag disabled, window buttons hidden, title bar hidden
[2020.02.02-05.41.16:804][  0]LogSlate: Updating window title bar state: overlay mode, drag disabled, window buttons hidden, title bar hidden
[2020.02.02-05.41.16:810][  0]LogSlate: Updating window title bar state: overlay mode, drag disabled, window buttons hidden, title bar hidden
[2020.02.02-05.41.16:816][  0]LogSlate: Updating window title bar state: overlay mode, drag disabled, window buttons hidden, title bar hidden
[2020.02.02-05.41.16:866][  0]LogSlate: Took 0.000432 seconds to synchronously load lazily loaded font '../../../Engine/Content/Slate/Fonts/Roboto-Regular.ttf' (155K)
[2020.02.02-05.41.16:869][  0]LogSlate: Took 0.000263 seconds to synchronously load lazily loaded font '../../../Engine/Content/Slate/Fonts/Roboto-Bold.ttf' (160K)
[2020.02.02-05.41.16:922][  0]LogRenderer: Reallocating scene render targets to support 2024x1284 Format 10 NumSamples 1 (Frame:1).
[2020.02.02-05.41.17:066][  0]LogContentBrowser: Native class hierarchy updated for 'HierarchicalLODOutliner' in 0.0004 seconds. Added 0 classes and 0 folders.
[2020.02.02-05.41.17:066][  0]LogLoad: (Engine Initialization) Total time: 10.31 seconds
[2020.02.02-05.41.17:066][  0]LogLoad: (Engine Initialization) Total Blueprint compile time: 0.00 seconds
[2020.02.02-05.41.17:227][  0]LogAssetRegistry: Asset discovery search completed in 6.9934 seconds
[2020.02.02-05.41.17:230][  0]LogCollectionManager: Fixed up redirectors for 0 collections in 0.000008 seconds (updated 0 objects)
[2020.02.02-05.41.17:231][  0]LogContentStreaming: Texture pool size now 1000 MB
[2020.02.02-05.41.19:592][137]LogSlate: Window 'Plugins' being destroyed
[2020.02.02-05.41.19:608][137]LogSlate: Window 'Plugins' being destroyed
[2020.02.02-05.41.19:608][137]LogDirectoryWatcher: A directory notification for '../../../Engine/Plugins/' was aborted.
[2020.02.02-05.41.33:463][453]LogSlate: Took 0.000407 seconds to synchronously load lazily loaded font '../../../Engine/Content/Editor/Slate/Fonts/FontAwesome.ttf' (139K)
[2020.02.02-05.41.59:504][573]LogSlate: Took 0.000301 seconds to synchronously load lazily loaded font '../../../Engine/Content/Slate/Fonts/Roboto-Light.ttf' (167K)
[2020.02.02-05.41.59:522][573]LogAssetEditorSubsystem: Opening Asset editor for Blueprint /Game/InventorySystem/Blueprints/InventoryPlayerController.InventoryPlayerController
[2020.02.02-05.41.59:662][573]LogContentBrowser: Native class hierarchy updated for 'BlueprintGraph' in 0.0007 seconds. Added 121 classes and 0 folders.
[2020.02.02-05.42.00:537][573]LogSlate: Took 0.000365 seconds to synchronously load lazily loaded font '../../../Engine/Content/Slate/Fonts/Roboto-BoldCondensed.ttf' (158K)
[2020.02.02-05.42.03:616][774]LogSlate: Window 'InventoryPlayerController' being destroyed
[2020.02.02-05.42.07:288][126]LogSlate: Took 0.000331 seconds to synchronously load lazily loaded font '../../../Engine/Content/Slate/Fonts/Roboto-Italic.ttf' (157K)
[2020.02.02-05.47.47:282][426]BlueprintLog: New page: Compile InventoryPlayerController
[2020.02.02-05.47.47:682][426]LogUObjectHash: Compacting FUObjectHashTables data took   4.52ms
[2020.02.02-05.47.48:110][437]LogSavePackage: Moving '../../../../Unreal Projects/ProjectRPGV2/ActionRPGV2/Saved/InventoryPlayerControllerD84BC3004D84694A2A10FDA5B4AE64B1.tmp' to '../../../../Unreal Projects/ProjectRPGV2/ActionRPGV2/Content/InventorySystem/Blueprints/InventoryPlayerController.uasset'
[2020.02.02-05.47.48:136][437]AssetCheck: New page: Asset Save: InventoryPlayerController
[2020.02.02-05.47.48:136][437]LogContentValidation: Display: Validating Blueprint /Game/InventorySystem/Blueprints/InventoryPlayerController.InventoryPlayerController
[2020.02.02-05.47.51:047][667]BlueprintLog: New page: Compile InventoryPlayerController
[2020.02.02-05.47.51:431][667]LogUObjectHash: Compacting FUObjectHashTables data took   5.59ms
[2020.02.02-05.47.52:165][713]LogSavePackage: Moving '../../../../Unreal Projects/ProjectRPGV2/ActionRPGV2/Saved/InventoryPlayerController07BB10A14CAE54E5877995BA16937E2C.tmp' to '../../../../Unreal Projects/ProjectRPGV2/ActionRPGV2/Content/InventorySystem/Blueprints/InventoryPlayerController.uasset'
[2020.02.02-05.47.52:191][713]AssetCheck: New page: Asset Save: InventoryPlayerController
[2020.02.02-05.47.52:191][713]LogContentValidation: Display: Validating Blueprint /Game/InventorySystem/Blueprints/InventoryPlayerController.InventoryPlayerController
[2020.02.02-05.48.07:763][284]BlueprintLog: New page: Compile InventoryPlayerController
[2020.02.02-05.48.08:157][284]LogUObjectHash: Compacting FUObjectHashTables data took   4.55ms
[2020.02.02-05.48.08:703][308]LogSavePackage: Moving '../../../../Unreal Projects/ProjectRPGV2/ActionRPGV2/Saved/InventoryPlayerControllerA9FEE3E443C4FC51FFD4609942D94E79.tmp' to '../../../../Unreal Projects/ProjectRPGV2/ActionRPGV2/Content/InventorySystem/Blueprints/InventoryPlayerController.uasset'
[2020.02.02-05.48.08:727][308]AssetCheck: New page: Asset Save: InventoryPlayerController
[2020.02.02-05.48.08:727][308]LogContentValidation: Display: Validating Blueprint /Game/InventorySystem/Blueprints/InventoryPlayerController.InventoryPlayerController
[2020.02.02-05.48.24:312][ 35]BlueprintLog: New page: Compile InventoryPlayerController
[2020.02.02-05.48.24:730][ 35]LogUObjectHash: Compacting FUObjectHashTables data took   4.42ms
[2020.02.02-05.50.14:493][295]BlueprintLog: New page: Compile InventoryPlayerController
[2020.02.02-05.50.14:890][295]LogUObjectHash: Compacting FUObjectHashTables data took   4.66ms
[2020.02.02-05.50.15:515][315]LogSavePackage: Moving '../../../../Unreal Projects/ProjectRPGV2/ActionRPGV2/Saved/InventoryPlayerController2F1E5FDF48F97D1183900397797B62BB.tmp' to '../../../../Unreal Projects/ProjectRPGV2/ActionRPGV2/Content/InventorySystem/Blueprints/InventoryPlayerController.uasset'
[2020.02.02-05.50.15:544][315]AssetCheck: New page: Asset Save: InventoryPlayerController
[2020.02.02-05.50.15:544][315]LogContentValidation: Display: Validating Blueprint /Game/InventorySystem/Blueprints/InventoryPlayerController.InventoryPlayerController
[2020.02.02-05.50.38:480][813]BlueprintLog: New page: Compile InventoryPlayerController
[2020.02.02-05.50.38:875][813]LogUObjectHash: Compacting FUObjectHashTables data took   4.63ms
[2020.02.02-05.50.39:315][823]LogSavePackage: Moving '../../../../Unreal Projects/ProjectRPGV2/ActionRPGV2/Saved/InventoryPlayerControllerFF5A83684148377A192DC4849EF8E4F5.tmp' to '../../../../Unreal Projects/ProjectRPGV2/ActionRPGV2/Content/InventorySystem/Blueprints/InventoryPlayerController.uasset'
[2020.02.02-05.50.39:344][823]AssetCheck: New page: Asset Save: InventoryPlayerController
[2020.02.02-05.50.39:344][823]LogContentValidation: Display: Validating Blueprint /Game/InventorySystem/Blueprints/InventoryPlayerController.InventoryPlayerController
[2020.02.02-05.51.30:162][469]BlueprintLog: New page: Compile InventoryPlayerController
[2020.02.02-05.51.30:584][469]LogUObjectHash: Compacting FUObjectHashTables data took   5.53ms
[2020.02.02-05.51.31:166][489]LogSavePackage: Moving '../../../../Unreal Projects/ProjectRPGV2/ActionRPGV2/Saved/InventoryPlayerController050342D7443C1D70CCB1F297856B2C77.tmp' to '../../../../Unreal Projects/ProjectRPGV2/ActionRPGV2/Content/InventorySystem/Blueprints/InventoryPlayerController.uasset'
[2020.02.02-05.51.31:191][489]AssetCheck: New page: Asset Save: InventoryPlayerController
[2020.02.02-05.51.31:191][489]LogContentValidation: Display: Validating Blueprint /Game/InventorySystem/Blueprints/InventoryPlayerController.InventoryPlayerController
[2020.02.02-05.51.56:943][996]LogAssetEditorSubsystem: Opening Asset editor for Blueprint /Game/InventorySystem/Blueprints/Components/InventoryManagerComponent.InventoryManagerComponent
[2020.02.02-05.54.41:315][943]BlueprintLog: New page: Compile InventoryManagerComponent
[2020.02.02-05.54.41:416][943]LogBlueprint: Warning: [Compiler InventoryManagerComponent] Add Torque : Usage of 'Add Torque' has been deprecated. Use AddTorqueInRadians instead
[2020.02.02-05.54.41:835][943]LogUObjectHash: Compacting FUObjectHashTables data took   5.11ms
[2020.02.02-05.54.43:000][969]LogSavePackage: Moving '../../../../Unreal Projects/ProjectRPGV2/ActionRPGV2/Saved/InventoryManagerComponentBAA9F93A489D5ED6B62077A4DD3E3E4E.tmp' to '../../../../Unreal Projects/ProjectRPGV2/ActionRPGV2/Content/InventorySystem/Blueprints/Components/InventoryManagerComponent.uasset'
[2020.02.02-05.54.43:043][969]AssetCheck: New page: Asset Save: InventoryManagerComponent
[2020.02.02-05.54.43:043][969]LogContentValidation: Display: Validating Blueprint /Game/InventorySystem/Blueprints/Components/InventoryManagerComponent.InventoryManagerComponent
[2020.02.02-05.54.44:066][ 39]BlueprintLog: New page: Compile InventoryManagerComponent
[2020.02.02-05.54.44:164][ 39]LogBlueprint: Warning: [Compiler InventoryManagerComponent] Add Torque : Usage of 'Add Torque' has been deprecated. Use AddTorqueInRadians instead
[2020.02.02-05.54.44:588][ 39]LogUObjectHash: Compacting FUObjectHashTables data took   4.86ms
[2020.02.02-05.55.09:441][278]BlueprintLog: New page: Compile InventoryManagerComponent
[2020.02.02-05.55.09:540][278]LogBlueprint: Warning: [Compiler InventoryManagerComponent] Add Torque : Usage of 'Add Torque' has been deprecated. Use AddTorqueInRadians instead
[2020.02.02-05.55.09:961][278]LogUObjectHash: Compacting FUObjectHashTables data took   4.96ms
[2020.02.02-06.00.15:954][687]BlueprintLog: New page: Compile InventoryPlayerController
[2020.02.02-06.00.16:361][687]LogUObjectHash: Compacting FUObjectHashTables data took   5.96ms
[2020.02.02-06.00.17:166][725]LogSavePackage: Moving '../../../../Unreal Projects/ProjectRPGV2/ActionRPGV2/Saved/InventoryPlayerControllerFE535ED74A2096CDEC3B4B91277B28DC.tmp' to '../../../../Unreal Projects/ProjectRPGV2/ActionRPGV2/Content/InventorySystem/Blueprints/InventoryPlayerController.uasset'
[2020.02.02-06.00.17:198][725]AssetCheck: New page: Asset Save: InventoryPlayerController
[2020.02.02-06.00.17:198][725]LogContentValidation: Display: Validating Blueprint /Game/InventorySystem/Blueprints/InventoryPlayerController.InventoryPlayerController
[2020.02.02-06.00.43:979][197]LogBlueprintUserMessages: Early PlayInEditor Detection: Level '/Game/InventorySystem/Maps/InventoryExampleMap.InventoryExampleMap:PersistentLevel' has LevelScriptBlueprint '/Game/InventorySystem/Maps/InventoryExampleMap.InventoryExampleMap:PersistentLevel.InventoryExampleMap' with GeneratedClass '/Game/InventorySystem/Maps/InventoryExampleMap.InventoryExampleMap_C' with ClassGeneratedBy '/Game/InventorySystem/Maps/InventoryExampleMap.InventoryExampleMap:PersistentLevel.InventoryExampleMap'
[2020.02.02-06.00.43:979][197]LogPlayLevel: PlayLevel: No blueprints needed recompiling
[2020.02.02-06.00.43:980][197]PIE: New page: PIE session: InventoryExampleMap (Feb 1, 2020, 2:00:43 PM)
[2020.02.02-06.00.43:981][197]LogOnline: OSS: Creating online subsystem instance for: NULL
[2020.02.02-06.00.43:982][197]LogOnline: OSS: TryLoadSubsystemAndSetDefault: Loaded subsystem for module [NULL]
[2020.02.02-06.00.43:982][197]LogPlayLevel: Creating play world package: /Game/InventorySystem/Maps/UEDPIE_0_InventoryExampleMap
[2020.02.02-06.00.44:012][197]LogPlayLevel: PIE: StaticDuplicateObject took: (0.030159s)
[2020.02.02-06.00.44:013][197]LogAIModule: Creating AISystem for world InventoryExampleMap
[2020.02.02-06.00.44:014][197]LogPlayLevel: PIE: World Init took: (0.001197s)
[2020.02.02-06.00.44:014][197]LogPlayLevel: PIE: Created PIE world by copying editor world from /Game/InventorySystem/Maps/InventoryExampleMap.InventoryExampleMap to /Game/InventorySystem/Maps/UEDPIE_0_InventoryExampleMap.InventoryExampleMap (0.031584s)
[2020.02.02-06.00.44:061][197]LogUObjectHash: Compacting FUObjectHashTables data took   4.62ms
[2020.02.02-06.00.44:062][197]LogAudioMixer: Display: Audio Mixer Platform Settings:
[2020.02.02-06.00.44:062][197]LogAudioMixer: Display: 	Sample Rate:						  48000
[2020.02.02-06.00.44:062][197]LogAudioMixer: Display: 	Callback Buffer Frame Size Requested: 1024
[2020.02.02-06.00.44:062][197]LogAudioMixer: Display: 	Callback Buffer Frame Size To Use:	  1024
[2020.02.02-06.00.44:062][197]LogAudioMixer: Display: 	Number of buffers to queue:			  2
[2020.02.02-06.00.44:062][197]LogAudioMixer: Display: 	Max Channels (voices):				  32
[2020.02.02-06.00.44:062][197]LogAudioMixer: Display: 	Number of Async Source Workers:		  0
[2020.02.02-06.00.44:062][197]LogAudio: Display: AudioDevice MaxSources: 32
[2020.02.02-06.00.44:062][197]LogAudio: Display: Using built-in audio occlusion.
[2020.02.02-06.00.44:063][197]LogAudioMixer: Display: Initializing audio mixer.
[2020.02.02-06.00.44:091][197]LogAudioMixer: Display: Audio Device Output Speaker Info:
[2020.02.02-06.00.44:091][197]LogAudioMixer: Display: Name: Speakers (GameDAC Game)
[2020.02.02-06.00.44:091][197]LogAudioMixer: Display: Is Default: Yes
[2020.02.02-06.00.44:091][197]LogAudioMixer: Display: Sample Rate: 48000
[2020.02.02-06.00.44:091][197]LogAudioMixer: Display: Channel Count Used: 6
[2020.02.02-06.00.44:091][197]LogAudioMixer: Display: Device Channel Count: 6
[2020.02.02-06.00.44:091][197]LogAudioMixer: Display: Channel Order:
[2020.02.02-06.00.44:092][197]LogAudioMixer: Display: 0: FrontLeft
[2020.02.02-06.00.44:092][197]LogAudioMixer: Display: 1: FrontRight
[2020.02.02-06.00.44:092][197]LogAudioMixer: Display: 2: FrontCenter
[2020.02.02-06.00.44:092][197]LogAudioMixer: Display: 3: LowFrequency
[2020.02.02-06.00.44:092][197]LogAudioMixer: Display: 4: SideLeft
[2020.02.02-06.00.44:092][197]LogAudioMixer: Display: 5: SideRight
[2020.02.02-06.00.44:130][197]LogAudioMixer: Display: Using Audio Device Speakers (GameDAC Game)
[2020.02.02-06.00.44:131][197]LogInit: FAudioDevice initialized.
[2020.02.02-06.00.44:151][197]LogSlate: Updating window title bar state: overlay mode, drag disabled, window buttons hidden, title bar hidden
[2020.02.02-06.00.44:195][197]LogLoad: Game class is 'InventoryGameMode_C'
[2020.02.02-06.00.44:200][197]LogWorld: Bringing World /Game/InventorySystem/Maps/UEDPIE_0_InventoryExampleMap.InventoryExampleMap up for play (max tick rate 0) at 2020.02.01-22.00.44
[2020.02.02-06.00.44:201][197]LogWorld: Bringing up level for play took: 0.004920
[2020.02.02-06.00.44:201][197]LogOnline: OSS: Creating online subsystem instance for: :Context_5
[2020.02.02-06.00.44:207][197]LogContentBrowser: Native class hierarchy updated for 'MovieSceneCapture' in 0.0004 seconds. Added 20 classes and 0 folders.
[2020.02.02-06.00.44:208][197]LogGameMode: Display: Match State Changed from EnteringMap to WaitingToStart
[2020.02.02-06.00.44:208][197]LogGameState: Match State Changed from EnteringMap to WaitingToStart
[2020.02.02-06.00.44:208][197]LogGameMode: Display: Match State Changed from WaitingToStart to InProgress
[2020.02.02-06.00.44:233][197]LogGameState: Match State Changed from WaitingToStart to InProgress
[2020.02.02-06.00.44:234][197]PIE: Play in editor start time for /Game/InventorySystem/Maps/UEDPIE_0_InventoryExampleMap 1.151
[2020.02.02-06.00.44:234][197]LogBlueprintUserMessages: Late PlayInEditor Detection: Level '/Game/InventorySystem/Maps/InventoryExampleMap.InventoryExampleMap:PersistentLevel' has LevelScriptBlueprint '/Game/InventorySystem/Maps/InventoryExampleMap.InventoryExampleMap:PersistentLevel.InventoryExampleMap' with GeneratedClass '/Game/InventorySystem/Maps/InventoryExampleMap.InventoryExampleMap_C' with ClassGeneratedBy '/Game/InventorySystem/Maps/InventoryExampleMap.InventoryExampleMap:PersistentLevel.InventoryExampleMap'
[2020.02.02-06.01.45:710][591]LogAudioMixer: Display: No commands were queued while flushing the source manager.
[2020.02.02-06.01.45:714][591]LogAudioMixer: Display: Flush succeeded in the source manager command queue (1).
[2020.02.02-06.01.45:744][591]LogAudioMixer: Display: Flush succeeded the source manager command queue (2).
[2020.02.02-06.01.45:744][591]LogBlueprintUserMessages: Early EndPlayMap Detection: Level '/Game/InventorySystem/Maps/InventoryExampleMap.InventoryExampleMap:PersistentLevel' has LevelScriptBlueprint '/Game/InventorySystem/Maps/InventoryExampleMap.InventoryExampleMap:PersistentLevel.InventoryExampleMap' with GeneratedClass '/Game/InventorySystem/Maps/InventoryExampleMap.InventoryExampleMap_C' with ClassGeneratedBy '/Game/InventorySystem/Maps/InventoryExampleMap.InventoryExampleMap:PersistentLevel.InventoryExampleMap'
[2020.02.02-06.01.45:746][591]LogSlate: Updating window title bar state: overlay mode, drag disabled, window buttons hidden, title bar hidden
[2020.02.02-06.01.45:746][591]LogWorld: BeginTearingDown for /Game/InventorySystem/Maps/UEDPIE_0_InventoryExampleMap
[2020.02.02-06.01.45:752][591]LogSlate: Window 'Action RPG Inventory System Game Preview Standalone (64-bit/PCD3D_SM5)' being destroyed
[2020.02.02-06.01.45:757][591]LogAudioMixer: Display: No commands were queued while flushing the source manager.
[2020.02.02-06.01.45:758][591]LogWorld: UWorld::CleanupWorld for InventoryExampleMap, bSessionEnded=true, bCleanupResources=true
[2020.02.02-06.01.45:759][591]LogSlate: InvalidateAllWidgets triggered.  All widgets were invalidated
[2020.02.02-06.01.45:768][591]LogPlayLevel: Display: Shutting down PIE online subsystems
[2020.02.02-06.01.45:768][591]LogBlueprintUserMessages: Late EndPlayMap Detection: Level '/Game/InventorySystem/Maps/InventoryExampleMap.InventoryExampleMap:PersistentLevel' has LevelScriptBlueprint '/Game/InventorySystem/Maps/InventoryExampleMap.InventoryExampleMap:PersistentLevel.InventoryExampleMap' with GeneratedClass '/Game/InventorySystem/Maps/InventoryExampleMap.InventoryExampleMap_C' with ClassGeneratedBy '/Game/InventorySystem/Maps/InventoryExampleMap.InventoryExampleMap:PersistentLevel.InventoryExampleMap'
[2020.02.02-06.01.45:776][591]LogSlate: InvalidateAllWidgets triggered.  All widgets were invalidated
[2020.02.02-06.01.45:819][591]LogAudioMixer: Display: No commands were queued while flushing the source manager.
[2020.02.02-06.01.45:839][591]LogUObjectHash: Compacting FUObjectHashTables data took   5.51ms
[2020.02.02-06.01.45:855][592]LogPlayLevel: Display: Destroying online subsystem :Context_5
[2020.02.02-06.01.49:810][955]LogUObjectHash: Compacting FUObjectHashTables data took   1.63ms
[2020.02.02-06.01.50:206][955]LogSavePackage: Moving '../../../../Unreal Projects/ProjectRPGV2/ActionRPGV2/Saved/InventoryExampleMap228A7ACB40AE100F9C112FAAF69D2A94.tmp' to '../../../../Unreal Projects/ProjectRPGV2/ActionRPGV2/Content/InventorySystem/Maps/InventoryExampleMap.umap'
[2020.02.02-06.01.50:368][955]LogSavePackage: Moving '../../../../Unreal Projects/ProjectRPGV2/ActionRPGV2/Saved/InventoryExampleMap_BuiltData7934AFC04B21B64466F204A5ABEA583A.tmp' to '../../../../Unreal Projects/ProjectRPGV2/ActionRPGV2/Content/InventorySystem/Maps/InventoryExampleMap_BuiltData.uasset'
[2020.02.02-06.01.50:403][955]AssetCheck: New page: Asset Save: multiple assets
[2020.02.02-06.01.50:403][955]LogContentValidation: Display: Validating World /Game/InventorySystem/Maps/InventoryExampleMap.InventoryExampleMap
[2020.02.02-06.01.50:403][955]LogContentValidation: Display: Validating MapBuildDataRegistry /Game/InventorySystem/Maps/InventoryExampleMap_BuiltData.InventoryExampleMap_BuiltData
[2020.02.02-06.02.02:568][712]LogSlate: Window 'Source Control Login' being destroyed
[2020.02.02-06.02.07:717][ 62]SourceControl: fatal: E:/Games/Epic Games/UE_4.24/Engine/Content: 'E:/Games/Epic Games/UE_4.24/Engine/Content' is outside repository
[2020.02.02-06.02.07:851][ 62]EditorErrors: Warning: No assets to check in!
[2020.02.02-06.02.11:121][246]LogUObjectHash: Compacting FUObjectHashTables data took   4.50ms
[2020.02.02-06.02.11:486][246]LogSavePackage: Moving '../../../../Unreal Projects/ProjectRPGV2/ActionRPGV2/Saved/InventoryExampleMap4E9BC5E64F5F705DA59DA3A91FF7BA41.tmp' to '../../../../Unreal Projects/ProjectRPGV2/ActionRPGV2/Content/InventorySystem/Maps/InventoryExampleMap.umap'
[2020.02.02-06.02.11:662][246]LogSavePackage: Moving '../../../../Unreal Projects/ProjectRPGV2/ActionRPGV2/Saved/InventoryExampleMap_BuiltDataD858866D4303DCDBE9E4EAABBF9455E2.tmp' to '../../../../Unreal Projects/ProjectRPGV2/ActionRPGV2/Content/InventorySystem/Maps/InventoryExampleMap_BuiltData.uasset'
[2020.02.02-06.02.11:703][246]AssetCheck: New page: Asset Save: multiple assets
[2020.02.02-06.02.11:703][246]LogContentValidation: Display: Validating World /Game/InventorySystem/Maps/InventoryExampleMap.InventoryExampleMap
[2020.02.02-06.02.11:703][246]LogContentValidation: Display: Validating MapBuildDataRegistry /Game/InventorySystem/Maps/InventoryExampleMap_BuiltData.InventoryExampleMap_BuiltData
[2020.02.02-06.02.15:738][447]SourceControl: fatal: E:/Games/Epic Games/UE_4.24/Engine/Content: 'E:/Games/Epic Games/UE_4.24/Engine/Content' is outside repository
[2020.02.02-06.02.15:856][447]EditorErrors: Warning: No assets to check in!
[2020.02.02-06.02.36:690][702]SourceControl: fatal: E:/Games/Epic Games/UE_4.24/Engine/Content: 'E:/Games/Epic Games/UE_4.24/Engine/Content' is outside repository
[2020.02.02-06.02.36:808][702]EditorErrors: Warning: No assets to check in!
[2020.02.02-06.03.00:939][811]LogEditorViewport: Clicking on Actor (context menu): StaticMeshActor (Wall15)
[2020.02.02-06.03.01:932][872]LogEditorViewport: Clicking on Actor (context menu): StaticMeshActor (Floor)
[2020.02.02-06.03.02:605][919]LogEditorViewport: Clicking on Actor (context menu): StaticMeshActor (Floor)
[2020.02.02-06.03.02:942][941]LogEditorViewport: Clicking on Component (context menu): StaticMeshComponent (StaticMeshComponent0)
[2020.02.02-06.03.08:004][480]LogUObjectHash: Compacting FUObjectHashTables data took   4.36ms
[2020.02.02-06.03.08:412][480]LogSavePackage: Moving '../../../../Unreal Projects/ProjectRPGV2/ActionRPGV2/Saved/InventoryExampleMapC6F4182B40E3F49170976C80B32C11C1.tmp' to '../../../../Unreal Projects/ProjectRPGV2/ActionRPGV2/Content/InventorySystem/Maps/InventoryExampleMap.umap'
[2020.02.02-06.03.08:595][480]LogSavePackage: Moving '../../../../Unreal Projects/ProjectRPGV2/ActionRPGV2/Saved/InventoryExampleMap_BuiltData2D2D39F24E91859DE17920B894EB82EB.tmp' to '../../../../Unreal Projects/ProjectRPGV2/ActionRPGV2/Content/InventorySystem/Maps/InventoryExampleMap_BuiltData.uasset'
[2020.02.02-06.03.08:622][480]AssetCheck: New page: Asset Save: multiple assets
[2020.02.02-06.03.08:622][480]LogContentValidation: Display: Validating World /Game/InventorySystem/Maps/InventoryExampleMap.InventoryExampleMap
[2020.02.02-06.03.08:622][480]LogContentValidation: Display: Validating MapBuildDataRegistry /Game/InventorySystem/Maps/InventoryExampleMap_BuiltData.InventoryExampleMap_BuiltData
[2020.02.02-06.03.12:905][937]LogTemp: Repeating last play command: New Editor Window (PIE)
[2020.02.02-06.03.12:932][937]LogBlueprintUserMessages: Early PlayInEditor Detection: Level '/Game/InventorySystem/Maps/InventoryExampleMap.InventoryExampleMap:PersistentLevel' has LevelScriptBlueprint '/Game/InventorySystem/Maps/InventoryExampleMap.InventoryExampleMap:PersistentLevel.InventoryExampleMap' with GeneratedClass '/Game/InventorySystem/Maps/InventoryExampleMap.InventoryExampleMap_C' with ClassGeneratedBy '/Game/InventorySystem/Maps/InventoryExampleMap.InventoryExampleMap:PersistentLevel.InventoryExampleMap'
[2020.02.02-06.03.12:932][937]LogPlayLevel: PlayLevel: No blueprints needed recompiling
[2020.02.02-06.03.12:932][937]PIE: New page: PIE session: InventoryExampleMap (Feb 1, 2020, 2:03:12 PM)
[2020.02.02-06.03.12:933][937]LogPlayLevel: Creating play world package: /Game/InventorySystem/Maps/UEDPIE_0_InventoryExampleMap
[2020.02.02-06.03.12:961][937]LogPlayLevel: PIE: StaticDuplicateObject took: (0.027894s)
[2020.02.02-06.03.12:962][937]LogAIModule: Creating AISystem for world InventoryExampleMap
[2020.02.02-06.03.12:962][937]LogPlayLevel: PIE: World Init took: (0.001119s)
[2020.02.02-06.03.12:962][937]LogPlayLevel: PIE: Created PIE world by copying editor world from /Game/InventorySystem/Maps/InventoryExampleMap.InventoryExampleMap to /Game/InventorySystem/Maps/UEDPIE_0_InventoryExampleMap.InventoryExampleMap (0.029182s)
[2020.02.02-06.03.13:004][937]LogUObjectHash: Compacting FUObjectHashTables data took   3.84ms
[2020.02.02-06.03.13:009][937]LogAudioMixer: Display: Audio Mixer Platform Settings:
[2020.02.02-06.03.13:009][937]LogAudioMixer: Display: 	Sample Rate:						  48000
[2020.02.02-06.03.13:009][937]LogAudioMixer: Display: 	Callback Buffer Frame Size Requested: 1024
[2020.02.02-06.03.13:009][937]LogAudioMixer: Display: 	Callback Buffer Frame Size To Use:	  1024
[2020.02.02-06.03.13:009][937]LogAudioMixer: Display: 	Number of buffers to queue:			  2
[2020.02.02-06.03.13:009][937]LogAudioMixer: Display: 	Max Channels (voices):				  32
[2020.02.02-06.03.13:009][937]LogAudioMixer: Display: 	Number of Async Source Workers:		  0
[2020.02.02-06.03.13:009][937]LogAudio: Display: AudioDevice MaxSources: 32
[2020.02.02-06.03.13:009][937]LogAudio: Display: Using built-in audio occlusion.
[2020.02.02-06.03.13:009][937]LogAudioMixer: Display: Initializing audio mixer.
[2020.02.02-06.03.13:039][937]LogAudioMixer: Display: Audio Device Output Speaker Info:
[2020.02.02-06.03.13:039][937]LogAudioMixer: Display: Name: Speakers (GameDAC Game)
[2020.02.02-06.03.13:039][937]LogAudioMixer: Display: Is Default: Yes
[2020.02.02-06.03.13:039][937]LogAudioMixer: Display: Sample Rate: 48000
[2020.02.02-06.03.13:039][937]LogAudioMixer: Display: Channel Count Used: 6
[2020.02.02-06.03.13:039][937]LogAudioMixer: Display: Device Channel Count: 6
[2020.02.02-06.03.13:039][937]LogAudioMixer: Display: Channel Order:
[2020.02.02-06.03.13:039][937]LogAudioMixer: Display: 0: FrontLeft
[2020.02.02-06.03.13:039][937]LogAudioMixer: Display: 1: FrontRight
[2020.02.02-06.03.13:039][937]LogAudioMixer: Display: 2: FrontCenter
[2020.02.02-06.03.13:039][937]LogAudioMixer: Display: 3: LowFrequency
[2020.02.02-06.03.13:039][937]LogAudioMixer: Display: 4: SideLeft
[2020.02.02-06.03.13:039][937]LogAudioMixer: Display: 5: SideRight
[2020.02.02-06.03.13:079][937]LogAudioMixer: Display: Using Audio Device Speakers (GameDAC Game)
[2020.02.02-06.03.13:081][937]LogInit: FAudioDevice initialized.
[2020.02.02-06.03.13:109][937]LogSlate: Updating window title bar state: overlay mode, drag disabled, window buttons hidden, title bar hidden
[2020.02.02-06.03.13:109][937]LogLoad: Game class is 'InventoryGameMode_C'
[2020.02.02-06.03.13:114][937]LogWorld: Bringing World /Game/InventorySystem/Maps/UEDPIE_0_InventoryExampleMap.InventoryExampleMap up for play (max tick rate 0) at 2020.02.01-22.03.13
[2020.02.02-06.03.13:115][937]LogWorld: Bringing up level for play took: 0.005376
[2020.02.02-06.03.13:115][937]LogOnline: OSS: Creating online subsystem instance for: :Context_6
[2020.02.02-06.03.13:117][937]LogGameMode: Display: Match State Changed from EnteringMap to WaitingToStart
[2020.02.02-06.03.13:117][937]LogGameState: Match State Changed from EnteringMap to WaitingToStart
[2020.02.02-06.03.13:117][937]LogGameMode: Display: Match State Changed from WaitingToStart to InProgress
[2020.02.02-06.03.13:142][937]LogGameState: Match State Changed from WaitingToStart to InProgress
[2020.02.02-06.03.13:143][937]PIE: Play in editor start time for /Game/InventorySystem/Maps/UEDPIE_0_InventoryExampleMap 0.061
[2020.02.02-06.03.13:143][937]LogBlueprintUserMessages: Late PlayInEditor Detection: Level '/Game/InventorySystem/Maps/InventoryExampleMap.InventoryExampleMap:PersistentLevel' has LevelScriptBlueprint '/Game/InventorySystem/Maps/InventoryExampleMap.InventoryExampleMap:PersistentLevel.InventoryExampleMap' with GeneratedClass '/Game/InventorySystem/Maps/InventoryExampleMap.InventoryExampleMap_C' with ClassGeneratedBy '/Game/InventorySystem/Maps/InventoryExampleMap.InventoryExampleMap:PersistentLevel.InventoryExampleMap'
[2020.02.02-06.03.35:347][518]LogAudioMixer: Display: No commands were queued while flushing the source manager.
[2020.02.02-06.03.35:347][518]LogAudioMixer: Display: No commands were queued while flushing the source manager.
[2020.02.02-06.03.35:347][518]LogBlueprintUserMessages: Early EndPlayMap Detection: Level '/Game/InventorySystem/Maps/InventoryExampleMap.InventoryExampleMap:PersistentLevel' has LevelScriptBlueprint '/Game/InventorySystem/Maps/InventoryExampleMap.InventoryExampleMap:PersistentLevel.InventoryExampleMap' with GeneratedClass '/Game/InventorySystem/Maps/InventoryExampleMap.InventoryExampleMap_C' with ClassGeneratedBy '/Game/InventorySystem/Maps/InventoryExampleMap.InventoryExampleMap:PersistentLevel.InventoryExampleMap'
[2020.02.02-06.03.35:349][518]LogSlate: Updating window title bar state: overlay mode, drag disabled, window buttons hidden, title bar hidden
[2020.02.02-06.03.35:349][518]LogWorld: BeginTearingDown for /Game/InventorySystem/Maps/UEDPIE_0_InventoryExampleMap
[2020.02.02-06.03.35:355][518]LogSlate: Window 'Action RPG Inventory System Game Preview Standalone (64-bit/PCD3D_SM5)' being destroyed
[2020.02.02-06.03.35:367][518]LogAudioMixer: Display: No commands were queued while flushing the source manager.
[2020.02.02-06.03.35:368][518]LogWorld: UWorld::CleanupWorld for InventoryExampleMap, bSessionEnded=true, bCleanupResources=true
[2020.02.02-06.03.35:369][518]LogSlate: InvalidateAllWidgets triggered.  All widgets were invalidated
[2020.02.02-06.03.35:376][518]LogPlayLevel: Display: Shutting down PIE online subsystems
[2020.02.02-06.03.35:376][518]LogBlueprintUserMessages: Late EndPlayMap Detection: Level '/Game/InventorySystem/Maps/InventoryExampleMap.InventoryExampleMap:PersistentLevel' has LevelScriptBlueprint '/Game/InventorySystem/Maps/InventoryExampleMap.InventoryExampleMap:PersistentLevel.InventoryExampleMap' with GeneratedClass '/Game/InventorySystem/Maps/InventoryExampleMap.InventoryExampleMap_C' with ClassGeneratedBy '/Game/InventorySystem/Maps/InventoryExampleMap.InventoryExampleMap:PersistentLevel.InventoryExampleMap'
[2020.02.02-06.03.35:384][518]LogSlate: InvalidateAllWidgets triggered.  All widgets were invalidated
[2020.02.02-06.03.35:420][518]LogAudioMixer: Display: No commands were queued while flushing the source manager.
[2020.02.02-06.03.35:435][518]LogUObjectHash: Compacting FUObjectHashTables data took   3.71ms
[2020.02.02-06.03.35:459][519]LogPlayLevel: Display: Destroying online subsystem :Context_6
